{"C:\\Users\\pedro\\OneDrive\\Área de Trabalho\\ProjectClone\\sistema-universidade-web2\\src\\app.js": {"path":"C:\\Users\\pedro\\OneDrive\\Área de Trabalho\\ProjectClone\\sistema-universidade-web2\\src\\app.js","statementMap":{"0":{"start":{"line":17,"column":0},"end":{"line":17,"column":16}},"1":{"start":{"line":19,"column":12},"end":{"line":19,"column":21}},"2":{"start":{"line":22,"column":0},"end":{"line":22,"column":16}},"3":{"start":{"line":23,"column":0},"end":{"line":23,"column":24}},"4":{"start":{"line":26,"column":0},"end":{"line":28,"column":3}},"5":{"start":{"line":27,"column":2},"end":{"line":27,"column":68}},"6":{"start":{"line":31,"column":0},"end":{"line":31,"column":30}},"7":{"start":{"line":32,"column":0},"end":{"line":32,"column":32}},"8":{"start":{"line":33,"column":0},"end":{"line":33,"column":42}},"9":{"start":{"line":34,"column":0},"end":{"line":34,"column":32}},"10":{"start":{"line":35,"column":0},"end":{"line":35,"column":32}},"11":{"start":{"line":36,"column":0},"end":{"line":36,"column":29}},"12":{"start":{"line":39,"column":0},"end":{"line":44,"column":3}},"13":{"start":{"line":40,"column":2},"end":{"line":43,"column":5}},"14":{"start":{"line":47,"column":0},"end":{"line":47,"column":25}}},"fnMap":{"0":{"name":"(anonymous_0)","decl":{"start":{"line":26,"column":13},"end":{"line":26,"column":14}},"loc":{"start":{"line":26,"column":27},"end":{"line":28,"column":1}},"line":26},"1":{"name":"(anonymous_1)","decl":{"start":{"line":39,"column":8},"end":{"line":39,"column":9}},"loc":{"start":{"line":39,"column":22},"end":{"line":44,"column":1}},"line":39}},"branchMap":{},"s":{"0":2,"1":2,"2":2,"3":2,"4":2,"5":0,"6":2,"7":2,"8":2,"9":2,"10":2,"11":2,"12":2,"13":0,"14":2},"f":{"0":0,"1":0},"b":{},"_coverageSchema":"1a1c01bbd47fc00a2c39e90264f33305004495a9","hash":"3a60642ed4da9a3b16db9b7057f0f7a08396aab4"}
,"C:\\Users\\pedro\\OneDrive\\Área de Trabalho\\ProjectClone\\sistema-universidade-web2\\src\\prisma.js": {"path":"C:\\Users\\pedro\\OneDrive\\Área de Trabalho\\ProjectClone\\sistema-universidade-web2\\src\\prisma.js","statementMap":{"0":{"start":{"line":4,"column":0},"end":{"line":4,"column":16}},"1":{"start":{"line":6,"column":22},"end":{"line":6,"column":40}}},"fnMap":{},"branchMap":{},"s":{"0":5,"1":5},"f":{},"b":{},"_coverageSchema":"1a1c01bbd47fc00a2c39e90264f33305004495a9","hash":"0b8ee7faa2608afafd75b300a68d9b0b837c805e"}
,"C:\\Users\\pedro\\OneDrive\\Área de Trabalho\\ProjectClone\\sistema-universidade-web2\\src\\middlewares\\HttpError.js": {"path":"C:\\Users\\pedro\\OneDrive\\Área de Trabalho\\ProjectClone\\sistema-universidade-web2\\src\\middlewares\\HttpError.js","statementMap":{"0":{"start":{"line":3,"column":8},"end":{"line":3,"column":23}},"1":{"start":{"line":4,"column":8},"end":{"line":4,"column":29}}},"fnMap":{"0":{"name":"(anonymous_0)","decl":{"start":{"line":2,"column":4},"end":{"line":2,"column":5}},"loc":{"start":{"line":2,"column":33},"end":{"line":5,"column":5}},"line":2}},"branchMap":{},"s":{"0":26,"1":26},"f":{"0":26},"b":{},"_coverageSchema":"1a1c01bbd47fc00a2c39e90264f33305004495a9","hash":"104961b15d3d1b2776d3663ff3b7f41785df2c2d"}
,"C:\\Users\\pedro\\OneDrive\\Área de Trabalho\\ProjectClone\\sistema-universidade-web2\\src\\middlewares\\authMiddleware.js": {"path":"C:\\Users\\pedro\\OneDrive\\Área de Trabalho\\ProjectClone\\sistema-universidade-web2\\src\\middlewares\\authMiddleware.js","statementMap":{"0":{"start":{"line":5,"column":0},"end":{"line":5,"column":16}},"1":{"start":{"line":7,"column":19},"end":{"line":7,"column":58}},"2":{"start":{"line":9,"column":28},"end":{"line":23,"column":1}},"3":{"start":{"line":10,"column":21},"end":{"line":10,"column":48}},"4":{"start":{"line":11,"column":2},"end":{"line":11,"column":74}},"5":{"start":{"line":11,"column":19},"end":{"line":11,"column":74}},"6":{"start":{"line":13,"column":16},"end":{"line":13,"column":56}},"7":{"start":{"line":14,"column":2},"end":{"line":14,"column":64}},"8":{"start":{"line":14,"column":14},"end":{"line":14,"column":64}},"9":{"start":{"line":16,"column":2},"end":{"line":22,"column":3}},"10":{"start":{"line":17,"column":20},"end":{"line":17,"column":49}},"11":{"start":{"line":18,"column":4},"end":{"line":18,"column":23}},"12":{"start":{"line":19,"column":4},"end":{"line":19,"column":11}},"13":{"start":{"line":21,"column":4},"end":{"line":21,"column":66}}},"fnMap":{"0":{"name":"(anonymous_0)","decl":{"start":{"line":9,"column":28},"end":{"line":9,"column":29}},"loc":{"start":{"line":9,"column":48},"end":{"line":23,"column":1}},"line":9}},"branchMap":{"0":{"loc":{"start":{"line":7,"column":19},"end":{"line":7,"column":58}},"type":"binary-expr","locations":[{"start":{"line":7,"column":19},"end":{"line":7,"column":41}},{"start":{"line":7,"column":45},"end":{"line":7,"column":58}}],"line":7},"1":{"loc":{"start":{"line":11,"column":2},"end":{"line":11,"column":74}},"type":"if","locations":[{"start":{"line":11,"column":2},"end":{"line":11,"column":74}},{"start":{},"end":{}}],"line":11},"2":{"loc":{"start":{"line":14,"column":2},"end":{"line":14,"column":64}},"type":"if","locations":[{"start":{"line":14,"column":2},"end":{"line":14,"column":64}},{"start":{},"end":{}}],"line":14}},"s":{"0":3,"1":3,"2":3,"3":16,"4":16,"5":1,"6":15,"7":15,"8":1,"9":14,"10":14,"11":13,"12":13,"13":1},"f":{"0":16},"b":{"0":[3,3],"1":[1,15],"2":[1,14]},"_coverageSchema":"1a1c01bbd47fc00a2c39e90264f33305004495a9","hash":"67c22a2f2b5e024e1252ea39185f0d32030bdce8"}
,"C:\\Users\\pedro\\OneDrive\\Área de Trabalho\\ProjectClone\\sistema-universidade-web2\\src\\middlewares\\authorize.js": {"path":"C:\\Users\\pedro\\OneDrive\\Área de Trabalho\\ProjectClone\\sistema-universidade-web2\\src\\middlewares\\authorize.js","statementMap":{"0":{"start":{"line":2,"column":25},"end":{"line":14,"column":1}},"1":{"start":{"line":2,"column":41},"end":{"line":14,"column":1}},"2":{"start":{"line":3,"column":2},"end":{"line":3,"column":76}},"3":{"start":{"line":3,"column":17},"end":{"line":3,"column":76}},"4":{"start":{"line":5,"column":20},"end":{"line":5,"column":41}},"5":{"start":{"line":7,"column":18},"end":{"line":7,"column":62}},"6":{"start":{"line":7,"column":37},"end":{"line":7,"column":61}},"7":{"start":{"line":9,"column":2},"end":{"line":11,"column":3}},"8":{"start":{"line":10,"column":4},"end":{"line":10,"column":96}},"9":{"start":{"line":13,"column":2},"end":{"line":13,"column":9}}},"fnMap":{"0":{"name":"(anonymous_0)","decl":{"start":{"line":2,"column":25},"end":{"line":2,"column":26}},"loc":{"start":{"line":2,"column":41},"end":{"line":14,"column":1}},"line":2},"1":{"name":"(anonymous_1)","decl":{"start":{"line":2,"column":41},"end":{"line":2,"column":42}},"loc":{"start":{"line":2,"column":61},"end":{"line":14,"column":1}},"line":2},"2":{"name":"(anonymous_2)","decl":{"start":{"line":7,"column":29},"end":{"line":7,"column":30}},"loc":{"start":{"line":7,"column":37},"end":{"line":7,"column":61}},"line":7}},"branchMap":{"0":{"loc":{"start":{"line":2,"column":26},"end":{"line":2,"column":36}},"type":"default-arg","locations":[{"start":{"line":2,"column":34},"end":{"line":2,"column":36}}],"line":2},"1":{"loc":{"start":{"line":3,"column":2},"end":{"line":3,"column":76}},"type":"if","locations":[{"start":{"line":3,"column":2},"end":{"line":3,"column":76}},{"start":{},"end":{}}],"line":3},"2":{"loc":{"start":{"line":5,"column":20},"end":{"line":5,"column":41}},"type":"binary-expr","locations":[{"start":{"line":5,"column":20},"end":{"line":5,"column":35}},{"start":{"line":5,"column":39},"end":{"line":5,"column":41}}],"line":5},"3":{"loc":{"start":{"line":9,"column":2},"end":{"line":11,"column":3}},"type":"if","locations":[{"start":{"line":9,"column":2},"end":{"line":11,"column":3}},{"start":{},"end":{}}],"line":9}},"s":{"0":3,"1":13,"2":15,"3":0,"4":15,"5":15,"6":16,"7":15,"8":5,"9":10},"f":{"0":13,"1":15,"2":16},"b":{"0":[0],"1":[0,15],"2":[15,1],"3":[5,10]},"_coverageSchema":"1a1c01bbd47fc00a2c39e90264f33305004495a9","hash":"7c499e1161c146bee2469f5c68039f75c5358ecf"}
,"C:\\Users\\pedro\\OneDrive\\Área de Trabalho\\ProjectClone\\sistema-universidade-web2\\src\\middlewares\\errorMiddleware.js": {"path":"C:\\Users\\pedro\\OneDrive\\Área de Trabalho\\ProjectClone\\sistema-universidade-web2\\src\\middlewares\\errorMiddleware.js","statementMap":{"0":{"start":{"line":2,"column":2},"end":{"line":2,"column":40}},"1":{"start":{"line":4,"column":17},"end":{"line":4,"column":72}},"2":{"start":{"line":6,"column":2},"end":{"line":9,"column":5}}},"fnMap":{"0":{"name":"errorMiddleware","decl":{"start":{"line":1,"column":16},"end":{"line":1,"column":31}},"loc":{"start":{"line":1,"column":53},"end":{"line":10,"column":1}},"line":1}},"branchMap":{"0":{"loc":{"start":{"line":4,"column":17},"end":{"line":4,"column":72}},"type":"binary-expr","locations":[{"start":{"line":4,"column":17},"end":{"line":4,"column":28}},{"start":{"line":4,"column":33},"end":{"line":4,"column":71}}],"line":4},"1":{"loc":{"start":{"line":4,"column":33},"end":{"line":4,"column":71}},"type":"cond-expr","locations":[{"start":{"line":4,"column":62},"end":{"line":4,"column":65}},{"start":{"line":4,"column":68},"end":{"line":4,"column":71}}],"line":4},"2":{"loc":{"start":{"line":8,"column":11},"end":{"line":8,"column":53}},"type":"binary-expr","locations":[{"start":{"line":8,"column":11},"end":{"line":8,"column":23}},{"start":{"line":8,"column":27},"end":{"line":8,"column":53}}],"line":8}},"s":{"0":13,"1":13,"2":13},"f":{"0":13},"b":{"0":[13,4],"1":[1,3],"2":[13,1]},"_coverageSchema":"1a1c01bbd47fc00a2c39e90264f33305004495a9","hash":"addc3ddb92baff9144631c5dd45f850bf85b48e7"}
,"C:\\Users\\pedro\\OneDrive\\Área de Trabalho\\ProjectClone\\sistema-universidade-web2\\src\\modules\\auth\\authController.js": {"path":"C:\\Users\\pedro\\OneDrive\\Área de Trabalho\\ProjectClone\\sistema-universidade-web2\\src\\modules\\auth\\authController.js","statementMap":{"0":{"start":{"line":4,"column":30},"end":{"line":23,"column":1}},"1":{"start":{"line":6,"column":4},"end":{"line":21,"column":5}},"2":{"start":{"line":7,"column":18},"end":{"line":7,"column":40}},"3":{"start":{"line":9,"column":21},"end":{"line":9,"column":49}},"4":{"start":{"line":11,"column":6},"end":{"line":18,"column":9}},"5":{"start":{"line":20,"column":6},"end":{"line":20,"column":16}}},"fnMap":{"0":{"name":"(anonymous_0)","decl":{"start":{"line":5,"column":2},"end":{"line":5,"column":3}},"loc":{"start":{"line":5,"column":30},"end":{"line":22,"column":3}},"line":5}},"branchMap":{},"s":{"0":2,"1":2,"2":2,"3":2,"4":1,"5":1},"f":{"0":2},"b":{},"_coverageSchema":"1a1c01bbd47fc00a2c39e90264f33305004495a9","hash":"7b19ee5bb4fe937537ed13bf5372fbaf44d4790a"}
,"C:\\Users\\pedro\\OneDrive\\Área de Trabalho\\ProjectClone\\sistema-universidade-web2\\src\\modules\\auth\\authRoutes.js": {"path":"C:\\Users\\pedro\\OneDrive\\Área de Trabalho\\ProjectClone\\sistema-universidade-web2\\src\\modules\\auth\\authRoutes.js","statementMap":{"0":{"start":{"line":4,"column":15},"end":{"line":4,"column":23}},"1":{"start":{"line":6,"column":0},"end":{"line":6,"column":44}}},"fnMap":{},"branchMap":{},"s":{"0":2,"1":2},"f":{},"b":{},"_coverageSchema":"1a1c01bbd47fc00a2c39e90264f33305004495a9","hash":"f70fbe2cf16e608262a36488bdcb8670c872214b"}
,"C:\\Users\\pedro\\OneDrive\\Área de Trabalho\\ProjectClone\\sistema-universidade-web2\\src\\modules\\auth\\authService.js": {"path":"C:\\Users\\pedro\\OneDrive\\Área de Trabalho\\ProjectClone\\sistema-universidade-web2\\src\\modules\\auth\\authService.js","statementMap":{"0":{"start":{"line":5,"column":27},"end":{"line":33,"column":1}},"1":{"start":{"line":7,"column":4},"end":{"line":7,"column":19}},"2":{"start":{"line":9,"column":17},"end":{"line":9,"column":63}},"3":{"start":{"line":11,"column":4},"end":{"line":13,"column":5}},"4":{"start":{"line":12,"column":6},"end":{"line":12,"column":59}},"5":{"start":{"line":15,"column":28},"end":{"line":15,"column":72}},"6":{"start":{"line":16,"column":4},"end":{"line":18,"column":5}},"7":{"start":{"line":17,"column":6},"end":{"line":17,"column":59}},"8":{"start":{"line":20,"column":18},"end":{"line":20,"column":37}},"9":{"start":{"line":22,"column":4},"end":{"line":31,"column":6}},"10":{"start":{"line":28,"column":38},"end":{"line":28,"column":66}}},"fnMap":{"0":{"name":"(anonymous_0)","decl":{"start":{"line":6,"column":2},"end":{"line":6,"column":3}},"loc":{"start":{"line":6,"column":19},"end":{"line":32,"column":3}},"line":6},"1":{"name":"(anonymous_1)","decl":{"start":{"line":28,"column":33},"end":{"line":28,"column":34}},"loc":{"start":{"line":28,"column":38},"end":{"line":28,"column":66}},"line":28}},"branchMap":{"0":{"loc":{"start":{"line":11,"column":4},"end":{"line":13,"column":5}},"type":"if","locations":[{"start":{"line":11,"column":4},"end":{"line":13,"column":5}},{"start":{},"end":{}}],"line":11},"1":{"loc":{"start":{"line":16,"column":4},"end":{"line":18,"column":5}},"type":"if","locations":[{"start":{"line":16,"column":4},"end":{"line":18,"column":5}},{"start":{},"end":{}}],"line":16},"2":{"loc":{"start":{"line":28,"column":16},"end":{"line":28,"column":73}},"type":"binary-expr","locations":[{"start":{"line":28,"column":16},"end":{"line":28,"column":67}},{"start":{"line":28,"column":71},"end":{"line":28,"column":73}}],"line":28},"3":{"loc":{"start":{"line":28,"column":38},"end":{"line":28,"column":66}},"type":"binary-expr","locations":[{"start":{"line":28,"column":38},"end":{"line":28,"column":51}},{"start":{"line":28,"column":55},"end":{"line":28,"column":66}}],"line":28}},"s":{"0":2,"1":2,"2":2,"3":2,"4":0,"5":2,"6":2,"7":1,"8":1,"9":1,"10":1},"f":{"0":2,"1":1},"b":{"0":[0,2],"1":[1,1],"2":[1,0],"3":[1,0]},"_coverageSchema":"1a1c01bbd47fc00a2c39e90264f33305004495a9","hash":"f4b7b1abeaa967f50f7db835da973bee19c307a2"}
,"C:\\Users\\pedro\\OneDrive\\Área de Trabalho\\ProjectClone\\sistema-universidade-web2\\src\\modules\\auth\\dto\\LoginDTO.js": {"path":"C:\\Users\\pedro\\OneDrive\\Área de Trabalho\\ProjectClone\\sistema-universidade-web2\\src\\modules\\auth\\dto\\LoginDTO.js","statementMap":{"0":{"start":{"line":5,"column":4},"end":{"line":5,"column":23}},"1":{"start":{"line":6,"column":4},"end":{"line":6,"column":23}},"2":{"start":{"line":10,"column":4},"end":{"line":12,"column":5}},"3":{"start":{"line":11,"column":6},"end":{"line":11,"column":65}},"4":{"start":{"line":14,"column":4},"end":{"line":16,"column":5}},"5":{"start":{"line":15,"column":6},"end":{"line":15,"column":49}},"6":{"start":{"line":18,"column":4},"end":{"line":20,"column":5}},"7":{"start":{"line":19,"column":6},"end":{"line":19,"column":72}}},"fnMap":{"0":{"name":"(anonymous_0)","decl":{"start":{"line":4,"column":2},"end":{"line":4,"column":3}},"loc":{"start":{"line":4,"column":32},"end":{"line":7,"column":3}},"line":4},"1":{"name":"(anonymous_1)","decl":{"start":{"line":9,"column":2},"end":{"line":9,"column":3}},"loc":{"start":{"line":9,"column":13},"end":{"line":21,"column":3}},"line":9}},"branchMap":{"0":{"loc":{"start":{"line":10,"column":4},"end":{"line":12,"column":5}},"type":"if","locations":[{"start":{"line":10,"column":4},"end":{"line":12,"column":5}},{"start":{},"end":{}}],"line":10},"1":{"loc":{"start":{"line":10,"column":8},"end":{"line":10,"column":34}},"type":"binary-expr","locations":[{"start":{"line":10,"column":8},"end":{"line":10,"column":19}},{"start":{"line":10,"column":23},"end":{"line":10,"column":34}}],"line":10},"2":{"loc":{"start":{"line":14,"column":4},"end":{"line":16,"column":5}},"type":"if","locations":[{"start":{"line":14,"column":4},"end":{"line":16,"column":5}},{"start":{},"end":{}}],"line":14},"3":{"loc":{"start":{"line":14,"column":8},"end":{"line":14,"column":66}},"type":"binary-expr","locations":[{"start":{"line":14,"column":8},"end":{"line":14,"column":38}},{"start":{"line":14,"column":42},"end":{"line":14,"column":66}}],"line":14},"4":{"loc":{"start":{"line":18,"column":4},"end":{"line":20,"column":5}},"type":"if","locations":[{"start":{"line":18,"column":4},"end":{"line":20,"column":5}},{"start":{},"end":{}}],"line":18},"5":{"loc":{"start":{"line":18,"column":8},"end":{"line":18,"column":63}},"type":"binary-expr","locations":[{"start":{"line":18,"column":8},"end":{"line":18,"column":38}},{"start":{"line":18,"column":42},"end":{"line":18,"column":63}}],"line":18}},"s":{"0":5,"1":5,"2":5,"3":1,"4":4,"5":1,"6":3,"7":1},"f":{"0":5,"1":5},"b":{"0":[1,4],"1":[5,4],"2":[1,3],"3":[4,3],"4":[1,2],"5":[3,3]},"_coverageSchema":"1a1c01bbd47fc00a2c39e90264f33305004495a9","hash":"2a5dc3728006ad3a1f09fb781f68b57116e430df"}
,"C:\\Users\\pedro\\OneDrive\\Área de Trabalho\\ProjectClone\\sistema-universidade-web2\\src\\modules\\curso\\cursoController.js": {"path":"C:\\Users\\pedro\\OneDrive\\Área de Trabalho\\ProjectClone\\sistema-universidade-web2\\src\\modules\\curso\\cursoController.js","statementMap":{"0":{"start":{"line":1,"column":21},"end":{"line":1,"column":53}},"1":{"start":{"line":5,"column":4},"end":{"line":10,"column":5}},"2":{"start":{"line":6,"column":20},"end":{"line":6,"column":60}},"3":{"start":{"line":7,"column":6},"end":{"line":7,"column":41}},"4":{"start":{"line":9,"column":6},"end":{"line":9,"column":59}},"5":{"start":{"line":14,"column":4},"end":{"line":19,"column":5}},"6":{"start":{"line":15,"column":21},"end":{"line":15,"column":52}},"7":{"start":{"line":16,"column":6},"end":{"line":16,"column":42}},"8":{"start":{"line":18,"column":6},"end":{"line":18,"column":59}},"9":{"start":{"line":23,"column":4},"end":{"line":28,"column":5}},"10":{"start":{"line":24,"column":20},"end":{"line":24,"column":66}},"11":{"start":{"line":25,"column":6},"end":{"line":25,"column":41}},"12":{"start":{"line":27,"column":6},"end":{"line":27,"column":59}},"13":{"start":{"line":32,"column":4},"end":{"line":37,"column":5}},"14":{"start":{"line":33,"column":20},"end":{"line":33,"column":75}},"15":{"start":{"line":34,"column":6},"end":{"line":34,"column":41}},"16":{"start":{"line":36,"column":6},"end":{"line":36,"column":59}},"17":{"start":{"line":41,"column":4},"end":{"line":46,"column":5}},"18":{"start":{"line":42,"column":6},"end":{"line":42,"column":52}},"19":{"start":{"line":43,"column":6},"end":{"line":43,"column":36}},"20":{"start":{"line":45,"column":6},"end":{"line":45,"column":59}},"21":{"start":{"line":50,"column":0},"end":{"line":50,"column":39}}},"fnMap":{"0":{"name":"(anonymous_0)","decl":{"start":{"line":4,"column":2},"end":{"line":4,"column":3}},"loc":{"start":{"line":4,"column":25},"end":{"line":11,"column":3}},"line":4},"1":{"name":"(anonymous_1)","decl":{"start":{"line":13,"column":2},"end":{"line":13,"column":3}},"loc":{"start":{"line":13,"column":23},"end":{"line":20,"column":3}},"line":13},"2":{"name":"(anonymous_2)","decl":{"start":{"line":22,"column":2},"end":{"line":22,"column":3}},"loc":{"start":{"line":22,"column":26},"end":{"line":29,"column":3}},"line":22},"3":{"name":"(anonymous_3)","decl":{"start":{"line":31,"column":2},"end":{"line":31,"column":3}},"loc":{"start":{"line":31,"column":25},"end":{"line":38,"column":3}},"line":31},"4":{"name":"(anonymous_4)","decl":{"start":{"line":40,"column":2},"end":{"line":40,"column":3}},"loc":{"start":{"line":40,"column":25},"end":{"line":47,"column":3}},"line":40}},"branchMap":{},"s":{"0":2,"1":0,"2":0,"3":0,"4":0,"5":0,"6":0,"7":0,"8":0,"9":0,"10":0,"11":0,"12":0,"13":0,"14":0,"15":0,"16":0,"17":0,"18":0,"19":0,"20":0,"21":2},"f":{"0":0,"1":0,"2":0,"3":0,"4":0},"b":{},"_coverageSchema":"1a1c01bbd47fc00a2c39e90264f33305004495a9","hash":"71bdd1db17fc71da265a04185cb43873c00a7cb8"}
,"C:\\Users\\pedro\\OneDrive\\Área de Trabalho\\ProjectClone\\sistema-universidade-web2\\src\\modules\\curso\\cursoRepository.js": {"path":"C:\\Users\\pedro\\OneDrive\\Área de Trabalho\\ProjectClone\\sistema-universidade-web2\\src\\modules\\curso\\cursoRepository.js","statementMap":{"0":{"start":{"line":5,"column":4},"end":{"line":10,"column":7}},"1":{"start":{"line":14,"column":4},"end":{"line":18,"column":7}},"2":{"start":{"line":22,"column":4},"end":{"line":27,"column":7}},"3":{"start":{"line":31,"column":4},"end":{"line":37,"column":7}},"4":{"start":{"line":41,"column":4},"end":{"line":43,"column":7}},"5":{"start":{"line":47,"column":0},"end":{"line":47,"column":39}}},"fnMap":{"0":{"name":"(anonymous_0)","decl":{"start":{"line":4,"column":2},"end":{"line":4,"column":3}},"loc":{"start":{"line":4,"column":21},"end":{"line":11,"column":3}},"line":4},"1":{"name":"(anonymous_1)","decl":{"start":{"line":13,"column":2},"end":{"line":13,"column":3}},"loc":{"start":{"line":13,"column":18},"end":{"line":19,"column":3}},"line":13},"2":{"name":"(anonymous_2)","decl":{"start":{"line":21,"column":2},"end":{"line":21,"column":3}},"loc":{"start":{"line":21,"column":21},"end":{"line":28,"column":3}},"line":21},"3":{"name":"(anonymous_3)","decl":{"start":{"line":30,"column":2},"end":{"line":30,"column":3}},"loc":{"start":{"line":30,"column":25},"end":{"line":38,"column":3}},"line":30},"4":{"name":"(anonymous_4)","decl":{"start":{"line":40,"column":2},"end":{"line":40,"column":3}},"loc":{"start":{"line":40,"column":19},"end":{"line":44,"column":3}},"line":40}},"branchMap":{},"s":{"0":0,"1":0,"2":0,"3":0,"4":0,"5":2},"f":{"0":0,"1":0,"2":0,"3":0,"4":0},"b":{},"_coverageSchema":"1a1c01bbd47fc00a2c39e90264f33305004495a9","hash":"83bffca3a07e040a8d2405d3018389b3178c52f0"}
,"C:\\Users\\pedro\\OneDrive\\Área de Trabalho\\ProjectClone\\sistema-universidade-web2\\src\\modules\\curso\\cursoRoutes.js": {"path":"C:\\Users\\pedro\\OneDrive\\Área de Trabalho\\ProjectClone\\sistema-universidade-web2\\src\\modules\\curso\\cursoRoutes.js","statementMap":{"0":{"start":{"line":1,"column":16},"end":{"line":1,"column":34}},"1":{"start":{"line":2,"column":15},"end":{"line":2,"column":31}},"2":{"start":{"line":3,"column":24},"end":{"line":3,"column":59}},"3":{"start":{"line":4,"column":10},"end":{"line":4,"column":28}},"4":{"start":{"line":6,"column":0},"end":{"line":6,"column":41}},"5":{"start":{"line":7,"column":0},"end":{"line":7,"column":38}},"6":{"start":{"line":8,"column":0},"end":{"line":8,"column":44}},"7":{"start":{"line":9,"column":0},"end":{"line":9,"column":43}},"8":{"start":{"line":10,"column":0},"end":{"line":10,"column":46}},"9":{"start":{"line":12,"column":0},"end":{"line":12,"column":24}}},"fnMap":{},"branchMap":{},"s":{"0":2,"1":2,"2":2,"3":2,"4":2,"5":2,"6":2,"7":2,"8":2,"9":2},"f":{},"b":{},"_coverageSchema":"1a1c01bbd47fc00a2c39e90264f33305004495a9","hash":"b1f586704a7c0628cff02aa57aab260e3ab41297"}
,"C:\\Users\\pedro\\OneDrive\\Área de Trabalho\\ProjectClone\\sistema-universidade-web2\\src\\modules\\curso\\cursoService.js": {"path":"C:\\Users\\pedro\\OneDrive\\Área de Trabalho\\ProjectClone\\sistema-universidade-web2\\src\\modules\\curso\\cursoService.js","statementMap":{"0":{"start":{"line":1,"column":24},"end":{"line":1,"column":59}},"1":{"start":{"line":5,"column":32},"end":{"line":5,"column":36}},"2":{"start":{"line":7,"column":4},"end":{"line":9,"column":5}},"3":{"start":{"line":8,"column":6},"end":{"line":8,"column":53}},"4":{"start":{"line":11,"column":4},"end":{"line":11,"column":61}},"5":{"start":{"line":15,"column":4},"end":{"line":15,"column":43}},"6":{"start":{"line":19,"column":18},"end":{"line":19,"column":52}},"7":{"start":{"line":21,"column":4},"end":{"line":23,"column":5}},"8":{"start":{"line":22,"column":6},"end":{"line":22,"column":46}},"9":{"start":{"line":25,"column":4},"end":{"line":25,"column":17}},"10":{"start":{"line":29,"column":24},"end":{"line":29,"column":58}},"11":{"start":{"line":31,"column":4},"end":{"line":33,"column":5}},"12":{"start":{"line":32,"column":6},"end":{"line":32,"column":46}},"13":{"start":{"line":35,"column":4},"end":{"line":35,"column":50}},"14":{"start":{"line":39,"column":24},"end":{"line":39,"column":58}},"15":{"start":{"line":41,"column":4},"end":{"line":43,"column":5}},"16":{"start":{"line":42,"column":6},"end":{"line":42,"column":46}},"17":{"start":{"line":45,"column":4},"end":{"line":45,"column":44}},"18":{"start":{"line":49,"column":0},"end":{"line":49,"column":36}}},"fnMap":{"0":{"name":"(anonymous_0)","decl":{"start":{"line":4,"column":2},"end":{"line":4,"column":3}},"loc":{"start":{"line":4,"column":26},"end":{"line":12,"column":3}},"line":4},"1":{"name":"(anonymous_1)","decl":{"start":{"line":14,"column":2},"end":{"line":14,"column":3}},"loc":{"start":{"line":14,"column":18},"end":{"line":16,"column":3}},"line":14},"2":{"name":"(anonymous_2)","decl":{"start":{"line":18,"column":2},"end":{"line":18,"column":3}},"loc":{"start":{"line":18,"column":20},"end":{"line":26,"column":3}},"line":18},"3":{"name":"(anonymous_3)","decl":{"start":{"line":28,"column":2},"end":{"line":28,"column":3}},"loc":{"start":{"line":28,"column":30},"end":{"line":36,"column":3}},"line":28},"4":{"name":"(anonymous_4)","decl":{"start":{"line":38,"column":2},"end":{"line":38,"column":3}},"loc":{"start":{"line":38,"column":24},"end":{"line":46,"column":3}},"line":38}},"branchMap":{"0":{"loc":{"start":{"line":7,"column":4},"end":{"line":9,"column":5}},"type":"if","locations":[{"start":{"line":7,"column":4},"end":{"line":9,"column":5}},{"start":{},"end":{}}],"line":7},"1":{"loc":{"start":{"line":21,"column":4},"end":{"line":23,"column":5}},"type":"if","locations":[{"start":{"line":21,"column":4},"end":{"line":23,"column":5}},{"start":{},"end":{}}],"line":21},"2":{"loc":{"start":{"line":31,"column":4},"end":{"line":33,"column":5}},"type":"if","locations":[{"start":{"line":31,"column":4},"end":{"line":33,"column":5}},{"start":{},"end":{}}],"line":31},"3":{"loc":{"start":{"line":41,"column":4},"end":{"line":43,"column":5}},"type":"if","locations":[{"start":{"line":41,"column":4},"end":{"line":43,"column":5}},{"start":{},"end":{}}],"line":41}},"s":{"0":2,"1":0,"2":0,"3":0,"4":0,"5":0,"6":0,"7":0,"8":0,"9":0,"10":0,"11":0,"12":0,"13":0,"14":0,"15":0,"16":0,"17":0,"18":2},"f":{"0":0,"1":0,"2":0,"3":0,"4":0},"b":{"0":[0,0],"1":[0,0],"2":[0,0],"3":[0,0]},"_coverageSchema":"1a1c01bbd47fc00a2c39e90264f33305004495a9","hash":"a61e43515a621cf091b07e2225c4bd9c499b5b21"}
,"C:\\Users\\pedro\\OneDrive\\Área de Trabalho\\ProjectClone\\sistema-universidade-web2\\src\\modules\\disciplina\\disciplinaController.js": {"path":"C:\\Users\\pedro\\OneDrive\\Área de Trabalho\\ProjectClone\\sistema-universidade-web2\\src\\modules\\disciplina\\disciplinaController.js","statementMap":{"0":{"start":{"line":5,"column":4},"end":{"line":10,"column":5}},"1":{"start":{"line":6,"column":25},"end":{"line":6,"column":75}},"2":{"start":{"line":7,"column":6},"end":{"line":7,"column":46}},"3":{"start":{"line":9,"column":6},"end":{"line":9,"column":59}},"4":{"start":{"line":14,"column":4},"end":{"line":19,"column":5}},"5":{"start":{"line":15,"column":26},"end":{"line":15,"column":67}},"6":{"start":{"line":16,"column":6},"end":{"line":16,"column":47}},"7":{"start":{"line":18,"column":6},"end":{"line":18,"column":59}},"8":{"start":{"line":23,"column":4},"end":{"line":30,"column":5}},"9":{"start":{"line":24,"column":25},"end":{"line":26,"column":7}},"10":{"start":{"line":27,"column":6},"end":{"line":27,"column":46}},"11":{"start":{"line":29,"column":6},"end":{"line":29,"column":59}},"12":{"start":{"line":34,"column":4},"end":{"line":41,"column":5}},"13":{"start":{"line":35,"column":26},"end":{"line":37,"column":7}},"14":{"start":{"line":38,"column":6},"end":{"line":38,"column":47}},"15":{"start":{"line":40,"column":6},"end":{"line":40,"column":59}},"16":{"start":{"line":45,"column":4},"end":{"line":53,"column":5}},"17":{"start":{"line":46,"column":25},"end":{"line":49,"column":7}},"18":{"start":{"line":50,"column":6},"end":{"line":50,"column":46}},"19":{"start":{"line":52,"column":6},"end":{"line":52,"column":59}},"20":{"start":{"line":57,"column":4},"end":{"line":62,"column":5}},"21":{"start":{"line":58,"column":6},"end":{"line":58,"column":62}},"22":{"start":{"line":59,"column":6},"end":{"line":59,"column":36}},"23":{"start":{"line":61,"column":6},"end":{"line":61,"column":59}},"24":{"start":{"line":66,"column":36},"end":{"line":66,"column":62}}},"fnMap":{"0":{"name":"(anonymous_0)","decl":{"start":{"line":4,"column":2},"end":{"line":4,"column":3}},"loc":{"start":{"line":4,"column":25},"end":{"line":11,"column":3}},"line":4},"1":{"name":"(anonymous_1)","decl":{"start":{"line":13,"column":2},"end":{"line":13,"column":3}},"loc":{"start":{"line":13,"column":23},"end":{"line":20,"column":3}},"line":13},"2":{"name":"(anonymous_2)","decl":{"start":{"line":22,"column":2},"end":{"line":22,"column":3}},"loc":{"start":{"line":22,"column":26},"end":{"line":31,"column":3}},"line":22},"3":{"name":"(anonymous_3)","decl":{"start":{"line":33,"column":2},"end":{"line":33,"column":3}},"loc":{"start":{"line":33,"column":29},"end":{"line":42,"column":3}},"line":33},"4":{"name":"(anonymous_4)","decl":{"start":{"line":44,"column":2},"end":{"line":44,"column":3}},"loc":{"start":{"line":44,"column":25},"end":{"line":54,"column":3}},"line":44},"5":{"name":"(anonymous_5)","decl":{"start":{"line":56,"column":2},"end":{"line":56,"column":3}},"loc":{"start":{"line":56,"column":25},"end":{"line":63,"column":3}},"line":56}},"branchMap":{},"s":{"0":0,"1":0,"2":0,"3":0,"4":0,"5":0,"6":0,"7":0,"8":0,"9":0,"10":0,"11":0,"12":0,"13":0,"14":0,"15":0,"16":0,"17":0,"18":0,"19":0,"20":0,"21":0,"22":0,"23":0,"24":2},"f":{"0":0,"1":0,"2":0,"3":0,"4":0,"5":0},"b":{},"_coverageSchema":"1a1c01bbd47fc00a2c39e90264f33305004495a9","hash":"33190bb572077fdb42c2fe600187cccd9ee7dfe4"}
,"C:\\Users\\pedro\\OneDrive\\Área de Trabalho\\ProjectClone\\sistema-universidade-web2\\src\\modules\\disciplina\\disciplinaRepository.js": {"path":"C:\\Users\\pedro\\OneDrive\\Área de Trabalho\\ProjectClone\\sistema-universidade-web2\\src\\modules\\disciplina\\disciplinaRepository.js","statementMap":{"0":{"start":{"line":5,"column":4},"end":{"line":11,"column":7}},"1":{"start":{"line":15,"column":4},"end":{"line":20,"column":7}},"2":{"start":{"line":24,"column":4},"end":{"line":30,"column":7}},"3":{"start":{"line":34,"column":4},"end":{"line":40,"column":7}},"4":{"start":{"line":44,"column":4},"end":{"line":50,"column":7}},"5":{"start":{"line":54,"column":4},"end":{"line":61,"column":7}},"6":{"start":{"line":65,"column":4},"end":{"line":67,"column":7}},"7":{"start":{"line":71,"column":0},"end":{"line":71,"column":44}}},"fnMap":{"0":{"name":"(anonymous_0)","decl":{"start":{"line":4,"column":2},"end":{"line":4,"column":3}},"loc":{"start":{"line":4,"column":21},"end":{"line":12,"column":3}},"line":4},"1":{"name":"(anonymous_1)","decl":{"start":{"line":14,"column":2},"end":{"line":14,"column":3}},"loc":{"start":{"line":14,"column":18},"end":{"line":21,"column":3}},"line":14},"2":{"name":"(anonymous_2)","decl":{"start":{"line":23,"column":2},"end":{"line":23,"column":3}},"loc":{"start":{"line":23,"column":21},"end":{"line":31,"column":3}},"line":23},"3":{"name":"(anonymous_3)","decl":{"start":{"line":33,"column":2},"end":{"line":33,"column":3}},"loc":{"start":{"line":33,"column":29},"end":{"line":41,"column":3}},"line":33},"4":{"name":"(anonymous_4)","decl":{"start":{"line":43,"column":2},"end":{"line":43,"column":3}},"loc":{"start":{"line":43,"column":29},"end":{"line":51,"column":3}},"line":43},"5":{"name":"(anonymous_5)","decl":{"start":{"line":53,"column":2},"end":{"line":53,"column":3}},"loc":{"start":{"line":53,"column":25},"end":{"line":62,"column":3}},"line":53},"6":{"name":"(anonymous_6)","decl":{"start":{"line":64,"column":2},"end":{"line":64,"column":3}},"loc":{"start":{"line":64,"column":19},"end":{"line":68,"column":3}},"line":64}},"branchMap":{},"s":{"0":0,"1":0,"2":0,"3":0,"4":0,"5":0,"6":0,"7":2},"f":{"0":0,"1":0,"2":0,"3":0,"4":0,"5":0,"6":0},"b":{},"_coverageSchema":"1a1c01bbd47fc00a2c39e90264f33305004495a9","hash":"c0aacd75a3aaf67a4b5702afc954e38750c2166c"}
,"C:\\Users\\pedro\\OneDrive\\Área de Trabalho\\ProjectClone\\sistema-universidade-web2\\src\\modules\\disciplina\\disciplinaRoutes.js": {"path":"C:\\Users\\pedro\\OneDrive\\Área de Trabalho\\ProjectClone\\sistema-universidade-web2\\src\\modules\\disciplina\\disciplinaRoutes.js","statementMap":{"0":{"start":{"line":4,"column":15},"end":{"line":4,"column":31}},"1":{"start":{"line":6,"column":0},"end":{"line":6,"column":46}},"2":{"start":{"line":7,"column":0},"end":{"line":7,"column":43}},"3":{"start":{"line":8,"column":0},"end":{"line":8,"column":49}},"4":{"start":{"line":9,"column":0},"end":{"line":9,"column":63}},"5":{"start":{"line":10,"column":0},"end":{"line":10,"column":48}},"6":{"start":{"line":11,"column":0},"end":{"line":11,"column":51}}},"fnMap":{},"branchMap":{},"s":{"0":2,"1":2,"2":2,"3":2,"4":2,"5":2,"6":2},"f":{},"b":{},"_coverageSchema":"1a1c01bbd47fc00a2c39e90264f33305004495a9","hash":"a3940495f1ed877cd590652cf6183bcbe9b0a604"}
,"C:\\Users\\pedro\\OneDrive\\Área de Trabalho\\ProjectClone\\sistema-universidade-web2\\src\\modules\\disciplina\\disciplinaService.js": {"path":"C:\\Users\\pedro\\OneDrive\\Área de Trabalho\\ProjectClone\\sistema-universidade-web2\\src\\modules\\disciplina\\disciplinaService.js","statementMap":{"0":{"start":{"line":8,"column":23},"end":{"line":8,"column":62}},"1":{"start":{"line":10,"column":4},"end":{"line":12,"column":5}},"2":{"start":{"line":11,"column":6},"end":{"line":11,"column":60}},"3":{"start":{"line":14,"column":4},"end":{"line":14,"column":22}},"4":{"start":{"line":18,"column":52},"end":{"line":18,"column":56}},"5":{"start":{"line":20,"column":4},"end":{"line":22,"column":5}},"6":{"start":{"line":21,"column":6},"end":{"line":21,"column":105}},"7":{"start":{"line":24,"column":23},"end":{"line":24,"column":47}},"8":{"start":{"line":25,"column":4},"end":{"line":27,"column":5}},"9":{"start":{"line":26,"column":8},"end":{"line":26,"column":74}},"10":{"start":{"line":29,"column":4},"end":{"line":36,"column":5}},"11":{"start":{"line":30,"column":8},"end":{"line":30,"column":47}},"12":{"start":{"line":32,"column":8},"end":{"line":34,"column":9}},"13":{"start":{"line":33,"column":12},"end":{"line":33,"column":115}},"14":{"start":{"line":35,"column":8},"end":{"line":35,"column":20}},"15":{"start":{"line":38,"column":29},"end":{"line":38,"column":76}},"16":{"start":{"line":39,"column":4},"end":{"line":41,"column":5}},"17":{"start":{"line":40,"column":6},"end":{"line":40,"column":75}},"18":{"start":{"line":43,"column":4},"end":{"line":48,"column":7}},"19":{"start":{"line":53,"column":4},"end":{"line":53,"column":48}},"20":{"start":{"line":57,"column":4},"end":{"line":57,"column":59}},"21":{"start":{"line":61,"column":29},"end":{"line":61,"column":51}},"22":{"start":{"line":64,"column":4},"end":{"line":69,"column":5}},"23":{"start":{"line":65,"column":26},"end":{"line":65,"column":78}},"24":{"start":{"line":66,"column":6},"end":{"line":68,"column":7}},"25":{"start":{"line":67,"column":8},"end":{"line":67,"column":77}},"26":{"start":{"line":71,"column":4},"end":{"line":85,"column":5}},"27":{"start":{"line":72,"column":31},"end":{"line":72,"column":60}},"28":{"start":{"line":73,"column":8},"end":{"line":75,"column":9}},"29":{"start":{"line":74,"column":12},"end":{"line":74,"column":78}},"30":{"start":{"line":76,"column":8},"end":{"line":83,"column":9}},"31":{"start":{"line":77,"column":13},"end":{"line":77,"column":56}},"32":{"start":{"line":79,"column":13},"end":{"line":81,"column":14}},"33":{"start":{"line":80,"column":16},"end":{"line":80,"column":90}},"34":{"start":{"line":82,"column":13},"end":{"line":82,"column":25}},"35":{"start":{"line":84,"column":8},"end":{"line":84,"column":38}},"36":{"start":{"line":87,"column":4},"end":{"line":89,"column":5}},"37":{"start":{"line":88,"column":6},"end":{"line":88,"column":61}},"38":{"start":{"line":91,"column":4},"end":{"line":91,"column":55}},"39":{"start":{"line":95,"column":4},"end":{"line":95,"column":27}},"40":{"start":{"line":96,"column":4},"end":{"line":96,"column":49}},"41":{"start":{"line":100,"column":33},"end":{"line":100,"column":56}}},"fnMap":{"0":{"name":"(anonymous_0)","decl":{"start":{"line":7,"column":2},"end":{"line":7,"column":3}},"loc":{"start":{"line":7,"column":20},"end":{"line":15,"column":3}},"line":7},"1":{"name":"(anonymous_1)","decl":{"start":{"line":17,"column":2},"end":{"line":17,"column":3}},"loc":{"start":{"line":17,"column":31},"end":{"line":49,"column":3}},"line":17},"2":{"name":"(anonymous_2)","decl":{"start":{"line":52,"column":2},"end":{"line":52,"column":3}},"loc":{"start":{"line":52,"column":26},"end":{"line":54,"column":3}},"line":52},"3":{"name":"(anonymous_3)","decl":{"start":{"line":56,"column":2},"end":{"line":56,"column":3}},"loc":{"start":{"line":56,"column":39},"end":{"line":58,"column":3}},"line":56},"4":{"name":"(anonymous_4)","decl":{"start":{"line":60,"column":2},"end":{"line":60,"column":3}},"loc":{"start":{"line":60,"column":36},"end":{"line":92,"column":3}},"line":60},"5":{"name":"(anonymous_5)","decl":{"start":{"line":94,"column":2},"end":{"line":94,"column":3}},"loc":{"start":{"line":94,"column":29},"end":{"line":97,"column":3}},"line":94}},"branchMap":{"0":{"loc":{"start":{"line":10,"column":4},"end":{"line":12,"column":5}},"type":"if","locations":[{"start":{"line":10,"column":4},"end":{"line":12,"column":5}},{"start":{},"end":{}}],"line":10},"1":{"loc":{"start":{"line":20,"column":4},"end":{"line":22,"column":5}},"type":"if","locations":[{"start":{"line":20,"column":4},"end":{"line":22,"column":5}},{"start":{},"end":{}}],"line":20},"2":{"loc":{"start":{"line":20,"column":8},"end":{"line":20,"column":53}},"type":"binary-expr","locations":[{"start":{"line":20,"column":8},"end":{"line":20,"column":13}},{"start":{"line":20,"column":17},"end":{"line":20,"column":24}},{"start":{"line":20,"column":28},"end":{"line":20,"column":41}},{"start":{"line":20,"column":45},"end":{"line":20,"column":53}}],"line":20},"3":{"loc":{"start":{"line":25,"column":4},"end":{"line":27,"column":5}},"type":"if","locations":[{"start":{"line":25,"column":4},"end":{"line":27,"column":5}},{"start":{},"end":{}}],"line":25},"4":{"loc":{"start":{"line":32,"column":8},"end":{"line":34,"column":9}},"type":"if","locations":[{"start":{"line":32,"column":8},"end":{"line":34,"column":9}},{"start":{},"end":{}}],"line":32},"5":{"loc":{"start":{"line":32,"column":12},"end":{"line":32,"column":62}},"type":"binary-expr","locations":[{"start":{"line":32,"column":12},"end":{"line":32,"column":38}},{"start":{"line":32,"column":42},"end":{"line":32,"column":62}}],"line":32},"6":{"loc":{"start":{"line":39,"column":4},"end":{"line":41,"column":5}},"type":"if","locations":[{"start":{"line":39,"column":4},"end":{"line":41,"column":5}},{"start":{},"end":{}}],"line":39},"7":{"loc":{"start":{"line":64,"column":4},"end":{"line":69,"column":5}},"type":"if","locations":[{"start":{"line":64,"column":4},"end":{"line":69,"column":5}},{"start":{},"end":{}}],"line":64},"8":{"loc":{"start":{"line":64,"column":8},"end":{"line":64,"column":62}},"type":"binary-expr","locations":[{"start":{"line":64,"column":8},"end":{"line":64,"column":19}},{"start":{"line":64,"column":23},"end":{"line":64,"column":62}}],"line":64},"9":{"loc":{"start":{"line":66,"column":6},"end":{"line":68,"column":7}},"type":"if","locations":[{"start":{"line":66,"column":6},"end":{"line":68,"column":7}},{"start":{},"end":{}}],"line":66},"10":{"loc":{"start":{"line":71,"column":4},"end":{"line":85,"column":5}},"type":"if","locations":[{"start":{"line":71,"column":4},"end":{"line":85,"column":5}},{"start":{},"end":{}}],"line":71},"11":{"loc":{"start":{"line":73,"column":8},"end":{"line":75,"column":9}},"type":"if","locations":[{"start":{"line":73,"column":8},"end":{"line":75,"column":9}},{"start":{},"end":{}}],"line":73},"12":{"loc":{"start":{"line":79,"column":13},"end":{"line":81,"column":14}},"type":"if","locations":[{"start":{"line":79,"column":13},"end":{"line":81,"column":14}},{"start":{},"end":{}}],"line":79},"13":{"loc":{"start":{"line":79,"column":17},"end":{"line":79,"column":67}},"type":"binary-expr","locations":[{"start":{"line":79,"column":17},"end":{"line":79,"column":43}},{"start":{"line":79,"column":47},"end":{"line":79,"column":67}}],"line":79},"14":{"loc":{"start":{"line":87,"column":4},"end":{"line":89,"column":5}},"type":"if","locations":[{"start":{"line":87,"column":4},"end":{"line":89,"column":5}},{"start":{},"end":{}}],"line":87}},"s":{"0":0,"1":0,"2":0,"3":0,"4":0,"5":0,"6":0,"7":0,"8":0,"9":0,"10":0,"11":0,"12":0,"13":0,"14":0,"15":0,"16":0,"17":0,"18":0,"19":0,"20":0,"21":0,"22":0,"23":0,"24":0,"25":0,"26":0,"27":0,"28":0,"29":0,"30":0,"31":0,"32":0,"33":0,"34":0,"35":0,"36":0,"37":0,"38":0,"39":0,"40":0,"41":2},"f":{"0":0,"1":0,"2":0,"3":0,"4":0,"5":0},"b":{"0":[0,0],"1":[0,0],"2":[0,0,0,0],"3":[0,0],"4":[0,0],"5":[0,0],"6":[0,0],"7":[0,0],"8":[0,0],"9":[0,0],"10":[0,0],"11":[0,0],"12":[0,0],"13":[0,0],"14":[0,0]},"_coverageSchema":"1a1c01bbd47fc00a2c39e90264f33305004495a9","hash":"fbbf074df1d75d4e738fb1f07fc366486abd8afd"}
,"C:\\Users\\pedro\\OneDrive\\Área de Trabalho\\ProjectClone\\sistema-universidade-web2\\src\\modules\\papel\\papelController.js": {"path":"C:\\Users\\pedro\\OneDrive\\Área de Trabalho\\ProjectClone\\sistema-universidade-web2\\src\\modules\\papel\\papelController.js","statementMap":{"0":{"start":{"line":3,"column":31},"end":{"line":60,"column":1}},"1":{"start":{"line":6,"column":4},"end":{"line":12,"column":5}},"2":{"start":{"line":7,"column":23},"end":{"line":7,"column":31}},"3":{"start":{"line":8,"column":22},"end":{"line":8,"column":57}},"4":{"start":{"line":9,"column":6},"end":{"line":9,"column":43}},"5":{"start":{"line":11,"column":6},"end":{"line":11,"column":16}},"6":{"start":{"line":17,"column":4},"end":{"line":22,"column":5}},"7":{"start":{"line":18,"column":21},"end":{"line":18,"column":49}},"8":{"start":{"line":19,"column":6},"end":{"line":19,"column":42}},"9":{"start":{"line":21,"column":6},"end":{"line":21,"column":16}},"10":{"start":{"line":27,"column":4},"end":{"line":38,"column":5}},"11":{"start":{"line":28,"column":21},"end":{"line":28,"column":31}},"12":{"start":{"line":30,"column":6},"end":{"line":32,"column":7}},"13":{"start":{"line":31,"column":8},"end":{"line":31,"column":85}},"14":{"start":{"line":34,"column":20},"end":{"line":34,"column":50}},"15":{"start":{"line":35,"column":6},"end":{"line":35,"column":41}},"16":{"start":{"line":37,"column":6},"end":{"line":37,"column":16}},"17":{"start":{"line":42,"column":4},"end":{"line":48,"column":5}},"18":{"start":{"line":43,"column":21},"end":{"line":43,"column":31}},"19":{"start":{"line":44,"column":22},"end":{"line":44,"column":55}},"20":{"start":{"line":45,"column":6},"end":{"line":45,"column":43}},"21":{"start":{"line":47,"column":6},"end":{"line":47,"column":16}},"22":{"start":{"line":51,"column":4},"end":{"line":58,"column":5}},"23":{"start":{"line":52,"column":21},"end":{"line":52,"column":31}},"24":{"start":{"line":53,"column":23},"end":{"line":53,"column":31}},"25":{"start":{"line":54,"column":22},"end":{"line":54,"column":65}},"26":{"start":{"line":55,"column":6},"end":{"line":55,"column":43}},"27":{"start":{"line":57,"column":6},"end":{"line":57,"column":16}}},"fnMap":{"0":{"name":"(anonymous_0)","decl":{"start":{"line":5,"column":2},"end":{"line":5,"column":3}},"loc":{"start":{"line":5,"column":31},"end":{"line":13,"column":3}},"line":5},"1":{"name":"(anonymous_1)","decl":{"start":{"line":16,"column":2},"end":{"line":16,"column":3}},"loc":{"start":{"line":16,"column":32},"end":{"line":23,"column":3}},"line":16},"2":{"name":"(anonymous_2)","decl":{"start":{"line":26,"column":2},"end":{"line":26,"column":3}},"loc":{"start":{"line":26,"column":32},"end":{"line":39,"column":3}},"line":26},"3":{"name":"(anonymous_3)","decl":{"start":{"line":41,"column":2},"end":{"line":41,"column":3}},"loc":{"start":{"line":41,"column":35},"end":{"line":49,"column":3}},"line":41},"4":{"name":"(anonymous_4)","decl":{"start":{"line":50,"column":2},"end":{"line":50,"column":3}},"loc":{"start":{"line":50,"column":35},"end":{"line":59,"column":3}},"line":50}},"branchMap":{"0":{"loc":{"start":{"line":30,"column":6},"end":{"line":32,"column":7}},"type":"if","locations":[{"start":{"line":30,"column":6},"end":{"line":32,"column":7}},{"start":{},"end":{}}],"line":30}},"s":{"0":2,"1":0,"2":0,"3":0,"4":0,"5":0,"6":0,"7":0,"8":0,"9":0,"10":0,"11":0,"12":0,"13":0,"14":0,"15":0,"16":0,"17":0,"18":0,"19":0,"20":0,"21":0,"22":0,"23":0,"24":0,"25":0,"26":0,"27":0},"f":{"0":0,"1":0,"2":0,"3":0,"4":0},"b":{"0":[0,0]},"_coverageSchema":"1a1c01bbd47fc00a2c39e90264f33305004495a9","hash":"d78e969f0459331c7d0e5bfd186f7da220217f3d"}
,"C:\\Users\\pedro\\OneDrive\\Área de Trabalho\\ProjectClone\\sistema-universidade-web2\\src\\modules\\papel\\papelRepository.js": {"path":"C:\\Users\\pedro\\OneDrive\\Área de Trabalho\\ProjectClone\\sistema-universidade-web2\\src\\modules\\papel\\papelRepository.js","statementMap":{"0":{"start":{"line":3,"column":31},"end":{"line":45,"column":1}},"1":{"start":{"line":5,"column":4},"end":{"line":5,"column":41}},"2":{"start":{"line":9,"column":4},"end":{"line":9,"column":35}},"3":{"start":{"line":13,"column":4},"end":{"line":15,"column":7}},"4":{"start":{"line":23,"column":4},"end":{"line":30,"column":7}},"5":{"start":{"line":34,"column":4},"end":{"line":36,"column":7}},"6":{"start":{"line":40,"column":4},"end":{"line":43,"column":7}}},"fnMap":{"0":{"name":"(anonymous_0)","decl":{"start":{"line":4,"column":2},"end":{"line":4,"column":3}},"loc":{"start":{"line":4,"column":21},"end":{"line":6,"column":3}},"line":4},"1":{"name":"(anonymous_1)","decl":{"start":{"line":8,"column":2},"end":{"line":8,"column":3}},"loc":{"start":{"line":8,"column":18},"end":{"line":10,"column":3}},"line":8},"2":{"name":"(anonymous_2)","decl":{"start":{"line":12,"column":2},"end":{"line":12,"column":3}},"loc":{"start":{"line":12,"column":21},"end":{"line":16,"column":3}},"line":12},"3":{"name":"(anonymous_3)","decl":{"start":{"line":22,"column":2},"end":{"line":22,"column":3}},"loc":{"start":{"line":22,"column":25},"end":{"line":31,"column":3}},"line":22},"4":{"name":"(anonymous_4)","decl":{"start":{"line":33,"column":2},"end":{"line":33,"column":3}},"loc":{"start":{"line":33,"column":19},"end":{"line":37,"column":3}},"line":33},"5":{"name":"(anonymous_5)","decl":{"start":{"line":39,"column":2},"end":{"line":39,"column":3}},"loc":{"start":{"line":39,"column":25},"end":{"line":44,"column":3}},"line":39}},"branchMap":{},"s":{"0":4,"1":0,"2":0,"3":0,"4":1,"5":0,"6":0},"f":{"0":0,"1":0,"2":0,"3":1,"4":0,"5":0},"b":{},"_coverageSchema":"1a1c01bbd47fc00a2c39e90264f33305004495a9","hash":"7032c98434f3130253afe2263af3a3cab6db1f91"}
,"C:\\Users\\pedro\\OneDrive\\Área de Trabalho\\ProjectClone\\sistema-universidade-web2\\src\\modules\\papel\\papelRoutes.js": {"path":"C:\\Users\\pedro\\OneDrive\\Área de Trabalho\\ProjectClone\\sistema-universidade-web2\\src\\modules\\papel\\papelRoutes.js","statementMap":{"0":{"start":{"line":4,"column":15},"end":{"line":4,"column":23}},"1":{"start":{"line":7,"column":0},"end":{"line":7,"column":47}},"2":{"start":{"line":9,"column":0},"end":{"line":9,"column":47}},"3":{"start":{"line":11,"column":0},"end":{"line":11,"column":51}},"4":{"start":{"line":13,"column":0},"end":{"line":13,"column":57}},"5":{"start":{"line":15,"column":0},"end":{"line":15,"column":54}}},"fnMap":{},"branchMap":{},"s":{"0":2,"1":2,"2":2,"3":2,"4":2,"5":2},"f":{},"b":{},"_coverageSchema":"1a1c01bbd47fc00a2c39e90264f33305004495a9","hash":"7ee73a2c8fdc51224aca00995c08a9438066068e"}
,"C:\\Users\\pedro\\OneDrive\\Área de Trabalho\\ProjectClone\\sistema-universidade-web2\\src\\modules\\papel\\papelService.js": {"path":"C:\\Users\\pedro\\OneDrive\\Área de Trabalho\\ProjectClone\\sistema-universidade-web2\\src\\modules\\papel\\papelService.js","statementMap":{"0":{"start":{"line":5,"column":28},"end":{"line":43,"column":1}},"1":{"start":{"line":7,"column":4},"end":{"line":7,"column":74}},"2":{"start":{"line":7,"column":15},"end":{"line":7,"column":74}},"3":{"start":{"line":9,"column":21},"end":{"line":9,"column":59}},"4":{"start":{"line":10,"column":4},"end":{"line":10,"column":75}},"5":{"start":{"line":10,"column":18},"end":{"line":10,"column":75}},"6":{"start":{"line":12,"column":4},"end":{"line":12,"column":50}},"7":{"start":{"line":16,"column":4},"end":{"line":16,"column":43}},"8":{"start":{"line":20,"column":18},"end":{"line":20,"column":56}},"9":{"start":{"line":21,"column":4},"end":{"line":24,"column":5}},"10":{"start":{"line":23,"column":6},"end":{"line":23,"column":66}},"11":{"start":{"line":25,"column":4},"end":{"line":25,"column":17}},"12":{"start":{"line":29,"column":18},"end":{"line":29,"column":52}},"13":{"start":{"line":30,"column":4},"end":{"line":30,"column":66}},"14":{"start":{"line":30,"column":16},"end":{"line":30,"column":66}},"15":{"start":{"line":31,"column":4},"end":{"line":31,"column":17}},"16":{"start":{"line":35,"column":4},"end":{"line":35,"column":27}},"17":{"start":{"line":36,"column":4},"end":{"line":36,"column":37}},"18":{"start":{"line":40,"column":4},"end":{"line":40,"column":27}},"19":{"start":{"line":41,"column":4},"end":{"line":41,"column":47}}},"fnMap":{"0":{"name":"(anonymous_0)","decl":{"start":{"line":6,"column":2},"end":{"line":6,"column":3}},"loc":{"start":{"line":6,"column":25},"end":{"line":13,"column":3}},"line":6},"1":{"name":"(anonymous_1)","decl":{"start":{"line":15,"column":2},"end":{"line":15,"column":3}},"loc":{"start":{"line":15,"column":18},"end":{"line":17,"column":3}},"line":15},"2":{"name":"(anonymous_2)","decl":{"start":{"line":19,"column":2},"end":{"line":19,"column":3}},"loc":{"start":{"line":19,"column":24},"end":{"line":26,"column":3}},"line":19},"3":{"name":"(anonymous_3)","decl":{"start":{"line":28,"column":2},"end":{"line":28,"column":3}},"loc":{"start":{"line":28,"column":20},"end":{"line":32,"column":3}},"line":28},"4":{"name":"(anonymous_4)","decl":{"start":{"line":34,"column":2},"end":{"line":34,"column":3}},"loc":{"start":{"line":34,"column":23},"end":{"line":37,"column":3}},"line":34},"5":{"name":"(anonymous_5)","decl":{"start":{"line":39,"column":2},"end":{"line":39,"column":3}},"loc":{"start":{"line":39,"column":33},"end":{"line":42,"column":3}},"line":39}},"branchMap":{"0":{"loc":{"start":{"line":7,"column":4},"end":{"line":7,"column":74}},"type":"if","locations":[{"start":{"line":7,"column":4},"end":{"line":7,"column":74}},{"start":{},"end":{}}],"line":7},"1":{"loc":{"start":{"line":10,"column":4},"end":{"line":10,"column":75}},"type":"if","locations":[{"start":{"line":10,"column":4},"end":{"line":10,"column":75}},{"start":{},"end":{}}],"line":10},"2":{"loc":{"start":{"line":21,"column":4},"end":{"line":24,"column":5}},"type":"if","locations":[{"start":{"line":21,"column":4},"end":{"line":24,"column":5}},{"start":{},"end":{}}],"line":21},"3":{"loc":{"start":{"line":30,"column":4},"end":{"line":30,"column":66}},"type":"if","locations":[{"start":{"line":30,"column":4},"end":{"line":30,"column":66}},{"start":{},"end":{}}],"line":30}},"s":{"0":4,"1":0,"2":0,"3":0,"4":0,"5":0,"6":0,"7":0,"8":1,"9":1,"10":0,"11":1,"12":0,"13":0,"14":0,"15":0,"16":0,"17":0,"18":0,"19":0},"f":{"0":0,"1":0,"2":1,"3":0,"4":0,"5":0},"b":{"0":[0,0],"1":[0,0],"2":[0,1],"3":[0,0]},"_coverageSchema":"1a1c01bbd47fc00a2c39e90264f33305004495a9","hash":"0e6e33c4eb9aeb88f18ece9a2ccec43b3ce1330e"}
,"C:\\Users\\pedro\\OneDrive\\Área de Trabalho\\ProjectClone\\sistema-universidade-web2\\src\\modules\\turma\\turmaController.js": {"path":"C:\\Users\\pedro\\OneDrive\\Área de Trabalho\\ProjectClone\\sistema-universidade-web2\\src\\modules\\turma\\turmaController.js","statementMap":{"0":{"start":{"line":1,"column":21},"end":{"line":1,"column":53}},"1":{"start":{"line":5,"column":4},"end":{"line":10,"column":5}},"2":{"start":{"line":6,"column":20},"end":{"line":6,"column":60}},"3":{"start":{"line":7,"column":6},"end":{"line":7,"column":41}},"4":{"start":{"line":9,"column":6},"end":{"line":9,"column":59}},"5":{"start":{"line":14,"column":4},"end":{"line":19,"column":5}},"6":{"start":{"line":15,"column":21},"end":{"line":15,"column":52}},"7":{"start":{"line":16,"column":6},"end":{"line":16,"column":42}},"8":{"start":{"line":18,"column":6},"end":{"line":18,"column":59}},"9":{"start":{"line":23,"column":4},"end":{"line":28,"column":5}},"10":{"start":{"line":24,"column":20},"end":{"line":24,"column":66}},"11":{"start":{"line":25,"column":6},"end":{"line":25,"column":41}},"12":{"start":{"line":27,"column":6},"end":{"line":27,"column":59}},"13":{"start":{"line":32,"column":4},"end":{"line":39,"column":5}},"14":{"start":{"line":33,"column":21},"end":{"line":35,"column":7}},"15":{"start":{"line":36,"column":6},"end":{"line":36,"column":42}},"16":{"start":{"line":38,"column":6},"end":{"line":38,"column":59}},"17":{"start":{"line":43,"column":4},"end":{"line":50,"column":5}},"18":{"start":{"line":44,"column":21},"end":{"line":46,"column":7}},"19":{"start":{"line":47,"column":6},"end":{"line":47,"column":42}},"20":{"start":{"line":49,"column":6},"end":{"line":49,"column":59}},"21":{"start":{"line":54,"column":4},"end":{"line":59,"column":5}},"22":{"start":{"line":55,"column":20},"end":{"line":55,"column":75}},"23":{"start":{"line":56,"column":6},"end":{"line":56,"column":41}},"24":{"start":{"line":58,"column":6},"end":{"line":58,"column":59}},"25":{"start":{"line":63,"column":4},"end":{"line":68,"column":5}},"26":{"start":{"line":64,"column":6},"end":{"line":64,"column":52}},"27":{"start":{"line":65,"column":6},"end":{"line":65,"column":36}},"28":{"start":{"line":67,"column":6},"end":{"line":67,"column":59}},"29":{"start":{"line":72,"column":0},"end":{"line":72,"column":39}}},"fnMap":{"0":{"name":"(anonymous_0)","decl":{"start":{"line":4,"column":2},"end":{"line":4,"column":3}},"loc":{"start":{"line":4,"column":25},"end":{"line":11,"column":3}},"line":4},"1":{"name":"(anonymous_1)","decl":{"start":{"line":13,"column":2},"end":{"line":13,"column":3}},"loc":{"start":{"line":13,"column":23},"end":{"line":20,"column":3}},"line":13},"2":{"name":"(anonymous_2)","decl":{"start":{"line":22,"column":2},"end":{"line":22,"column":3}},"loc":{"start":{"line":22,"column":26},"end":{"line":29,"column":3}},"line":22},"3":{"name":"(anonymous_3)","decl":{"start":{"line":31,"column":2},"end":{"line":31,"column":3}},"loc":{"start":{"line":31,"column":34},"end":{"line":40,"column":3}},"line":31},"4":{"name":"(anonymous_4)","decl":{"start":{"line":42,"column":2},"end":{"line":42,"column":3}},"loc":{"start":{"line":42,"column":35},"end":{"line":51,"column":3}},"line":42},"5":{"name":"(anonymous_5)","decl":{"start":{"line":53,"column":2},"end":{"line":53,"column":3}},"loc":{"start":{"line":53,"column":25},"end":{"line":60,"column":3}},"line":53},"6":{"name":"(anonymous_6)","decl":{"start":{"line":62,"column":2},"end":{"line":62,"column":3}},"loc":{"start":{"line":62,"column":25},"end":{"line":69,"column":3}},"line":62}},"branchMap":{},"s":{"0":2,"1":0,"2":0,"3":0,"4":0,"5":0,"6":0,"7":0,"8":0,"9":0,"10":0,"11":0,"12":0,"13":0,"14":0,"15":0,"16":0,"17":0,"18":0,"19":0,"20":0,"21":0,"22":0,"23":0,"24":0,"25":0,"26":0,"27":0,"28":0,"29":2},"f":{"0":0,"1":0,"2":0,"3":0,"4":0,"5":0,"6":0},"b":{},"_coverageSchema":"1a1c01bbd47fc00a2c39e90264f33305004495a9","hash":"bd2096720699d4a8f8d8dc11c2297a6ab88ae765"}
,"C:\\Users\\pedro\\OneDrive\\Área de Trabalho\\ProjectClone\\sistema-universidade-web2\\src\\modules\\turma\\turmaRepository.js": {"path":"C:\\Users\\pedro\\OneDrive\\Área de Trabalho\\ProjectClone\\sistema-universidade-web2\\src\\modules\\turma\\turmaRepository.js","statementMap":{"0":{"start":{"line":5,"column":4},"end":{"line":12,"column":7}},"1":{"start":{"line":16,"column":4},"end":{"line":22,"column":7}},"2":{"start":{"line":26,"column":4},"end":{"line":37,"column":7}},"3":{"start":{"line":41,"column":4},"end":{"line":48,"column":7}},"4":{"start":{"line":52,"column":4},"end":{"line":59,"column":7}},"5":{"start":{"line":63,"column":4},"end":{"line":71,"column":7}},"6":{"start":{"line":75,"column":4},"end":{"line":77,"column":7}},"7":{"start":{"line":81,"column":0},"end":{"line":81,"column":39}}},"fnMap":{"0":{"name":"(anonymous_0)","decl":{"start":{"line":4,"column":2},"end":{"line":4,"column":3}},"loc":{"start":{"line":4,"column":21},"end":{"line":13,"column":3}},"line":4},"1":{"name":"(anonymous_1)","decl":{"start":{"line":15,"column":2},"end":{"line":15,"column":3}},"loc":{"start":{"line":15,"column":18},"end":{"line":23,"column":3}},"line":15},"2":{"name":"(anonymous_2)","decl":{"start":{"line":25,"column":2},"end":{"line":25,"column":3}},"loc":{"start":{"line":25,"column":21},"end":{"line":38,"column":3}},"line":25},"3":{"name":"(anonymous_3)","decl":{"start":{"line":40,"column":2},"end":{"line":40,"column":3}},"loc":{"start":{"line":40,"column":37},"end":{"line":49,"column":3}},"line":40},"4":{"name":"(anonymous_4)","decl":{"start":{"line":51,"column":2},"end":{"line":51,"column":3}},"loc":{"start":{"line":51,"column":39},"end":{"line":60,"column":3}},"line":51},"5":{"name":"(anonymous_5)","decl":{"start":{"line":62,"column":2},"end":{"line":62,"column":3}},"loc":{"start":{"line":62,"column":25},"end":{"line":72,"column":3}},"line":62},"6":{"name":"(anonymous_6)","decl":{"start":{"line":74,"column":2},"end":{"line":74,"column":3}},"loc":{"start":{"line":74,"column":19},"end":{"line":78,"column":3}},"line":74}},"branchMap":{},"s":{"0":0,"1":0,"2":0,"3":0,"4":0,"5":0,"6":0,"7":2},"f":{"0":0,"1":0,"2":0,"3":0,"4":0,"5":0,"6":0},"b":{},"_coverageSchema":"1a1c01bbd47fc00a2c39e90264f33305004495a9","hash":"88ab89c97997244b0214b8e84c7c6dc65018f2d3"}
,"C:\\Users\\pedro\\OneDrive\\Área de Trabalho\\ProjectClone\\sistema-universidade-web2\\src\\modules\\turma\\turmaRoutes.js": {"path":"C:\\Users\\pedro\\OneDrive\\Área de Trabalho\\ProjectClone\\sistema-universidade-web2\\src\\modules\\turma\\turmaRoutes.js","statementMap":{"0":{"start":{"line":1,"column":16},"end":{"line":1,"column":34}},"1":{"start":{"line":2,"column":15},"end":{"line":2,"column":31}},"2":{"start":{"line":3,"column":24},"end":{"line":3,"column":59}},"3":{"start":{"line":5,"column":0},"end":{"line":5,"column":41}},"4":{"start":{"line":6,"column":0},"end":{"line":6,"column":38}},"5":{"start":{"line":7,"column":0},"end":{"line":7,"column":44}},"6":{"start":{"line":8,"column":0},"end":{"line":8,"column":71}},"7":{"start":{"line":9,"column":0},"end":{"line":9,"column":74}},"8":{"start":{"line":10,"column":0},"end":{"line":10,"column":43}},"9":{"start":{"line":11,"column":0},"end":{"line":11,"column":46}},"10":{"start":{"line":13,"column":0},"end":{"line":13,"column":24}}},"fnMap":{},"branchMap":{},"s":{"0":2,"1":2,"2":2,"3":2,"4":2,"5":2,"6":2,"7":2,"8":2,"9":2,"10":2},"f":{},"b":{},"_coverageSchema":"1a1c01bbd47fc00a2c39e90264f33305004495a9","hash":"7983cb0eade8bf4a88a3196c24e1433eb6e0b487"}
,"C:\\Users\\pedro\\OneDrive\\Área de Trabalho\\ProjectClone\\sistema-universidade-web2\\src\\modules\\turma\\turmaService.js": {"path":"C:\\Users\\pedro\\OneDrive\\Área de Trabalho\\ProjectClone\\sistema-universidade-web2\\src\\modules\\turma\\turmaService.js","statementMap":{"0":{"start":{"line":11,"column":18},"end":{"line":11,"column":52}},"1":{"start":{"line":13,"column":4},"end":{"line":15,"column":5}},"2":{"start":{"line":14,"column":6},"end":{"line":14,"column":55}},"3":{"start":{"line":16,"column":4},"end":{"line":16,"column":17}},"4":{"start":{"line":20,"column":59},"end":{"line":20,"column":63}},"5":{"start":{"line":21,"column":28},"end":{"line":21,"column":39}},"6":{"start":{"line":23,"column":4},"end":{"line":25,"column":5}},"7":{"start":{"line":24,"column":6},"end":{"line":24,"column":113}},"8":{"start":{"line":27,"column":28},"end":{"line":27,"column":57}},"9":{"start":{"line":28,"column":27},"end":{"line":28,"column":55}},"10":{"start":{"line":29,"column":4},"end":{"line":31,"column":5}},"11":{"start":{"line":30,"column":8},"end":{"line":30,"column":96}},"12":{"start":{"line":33,"column":4},"end":{"line":40,"column":5}},"13":{"start":{"line":34,"column":8},"end":{"line":34,"column":57}},"14":{"start":{"line":36,"column":8},"end":{"line":38,"column":9}},"15":{"start":{"line":37,"column":12},"end":{"line":37,"column":90}},"16":{"start":{"line":39,"column":8},"end":{"line":39,"column":20}},"17":{"start":{"line":43,"column":4},"end":{"line":50,"column":5}},"18":{"start":{"line":44,"column":8},"end":{"line":44,"column":71}},"19":{"start":{"line":46,"column":8},"end":{"line":48,"column":9}},"20":{"start":{"line":47,"column":12},"end":{"line":47,"column":88}},"21":{"start":{"line":49,"column":8},"end":{"line":49,"column":20}},"22":{"start":{"line":52,"column":24},"end":{"line":54,"column":5}},"23":{"start":{"line":53,"column":14},"end":{"line":53,"column":47}},"24":{"start":{"line":56,"column":4},"end":{"line":58,"column":5}},"25":{"start":{"line":57,"column":8},"end":{"line":57,"column":129}},"26":{"start":{"line":60,"column":4},"end":{"line":65,"column":7}},"27":{"start":{"line":71,"column":4},"end":{"line":71,"column":43}},"28":{"start":{"line":75,"column":4},"end":{"line":75,"column":62}},"29":{"start":{"line":79,"column":4},"end":{"line":79,"column":64}},"30":{"start":{"line":83,"column":4},"end":{"line":83,"column":27}},"31":{"start":{"line":85,"column":4},"end":{"line":100,"column":7}},"32":{"start":{"line":86,"column":31},"end":{"line":86,"column":65}},"33":{"start":{"line":88,"column":7},"end":{"line":89,"column":59}},"34":{"start":{"line":89,"column":8},"end":{"line":89,"column":59}},"35":{"start":{"line":91,"column":7},"end":{"line":98,"column":9}},"36":{"start":{"line":92,"column":12},"end":{"line":92,"column":61}},"37":{"start":{"line":94,"column":12},"end":{"line":96,"column":13}},"38":{"start":{"line":95,"column":17},"end":{"line":95,"column":77}},"39":{"start":{"line":97,"column":12},"end":{"line":97,"column":24}},"40":{"start":{"line":99,"column":8},"end":{"line":99,"column":44}},"41":{"start":{"line":102,"column":6},"end":{"line":117,"column":5}},"42":{"start":{"line":103,"column":31},"end":{"line":103,"column":64}},"43":{"start":{"line":104,"column":8},"end":{"line":104,"column":92}},"44":{"start":{"line":104,"column":42},"end":{"line":104,"column":92}},"45":{"start":{"line":106,"column":8},"end":{"line":115,"column":9}},"46":{"start":{"line":107,"column":30},"end":{"line":107,"column":80}},"47":{"start":{"line":108,"column":32},"end":{"line":108,"column":90}},"48":{"start":{"line":108,"column":60},"end":{"line":108,"column":89}},"49":{"start":{"line":109,"column":12},"end":{"line":111,"column":13}},"50":{"start":{"line":110,"column":16},"end":{"line":110,"column":102}},"51":{"start":{"line":113,"column":12},"end":{"line":113,"column":93}},"52":{"start":{"line":113,"column":34},"end":{"line":113,"column":93}},"53":{"start":{"line":114,"column":12},"end":{"line":114,"column":20}},"54":{"start":{"line":116,"column":8},"end":{"line":116,"column":42}},"55":{"start":{"line":118,"column":4},"end":{"line":118,"column":50}},"56":{"start":{"line":122,"column":4},"end":{"line":122,"column":27}},"57":{"start":{"line":123,"column":4},"end":{"line":123,"column":44}},"58":{"start":{"line":127,"column":28},"end":{"line":127,"column":46}}},"fnMap":{"0":{"name":"(anonymous_0)","decl":{"start":{"line":10,"column":2},"end":{"line":10,"column":3}},"loc":{"start":{"line":10,"column":20},"end":{"line":17,"column":3}},"line":10},"1":{"name":"(anonymous_1)","decl":{"start":{"line":19,"column":2},"end":{"line":19,"column":3}},"loc":{"start":{"line":19,"column":26},"end":{"line":66,"column":3}},"line":19},"2":{"name":"(anonymous_2)","decl":{"start":{"line":53,"column":8},"end":{"line":53,"column":9}},"loc":{"start":{"line":53,"column":14},"end":{"line":53,"column":47}},"line":53},"3":{"name":"(anonymous_3)","decl":{"start":{"line":70,"column":2},"end":{"line":70,"column":3}},"loc":{"start":{"line":70,"column":21},"end":{"line":72,"column":3}},"line":70},"4":{"name":"(anonymous_4)","decl":{"start":{"line":74,"column":2},"end":{"line":74,"column":3}},"loc":{"start":{"line":74,"column":43},"end":{"line":76,"column":3}},"line":74},"5":{"name":"(anonymous_5)","decl":{"start":{"line":78,"column":2},"end":{"line":78,"column":3}},"loc":{"start":{"line":78,"column":45},"end":{"line":80,"column":3}},"line":78},"6":{"name":"(anonymous_6)","decl":{"start":{"line":82,"column":2},"end":{"line":82,"column":3}},"loc":{"start":{"line":82,"column":30},"end":{"line":119,"column":3}},"line":82},"7":{"name":"(anonymous_7)","decl":{"start":{"line":108,"column":54},"end":{"line":108,"column":55}},"loc":{"start":{"line":108,"column":60},"end":{"line":108,"column":89}},"line":108},"8":{"name":"(anonymous_8)","decl":{"start":{"line":121,"column":2},"end":{"line":121,"column":3}},"loc":{"start":{"line":121,"column":24},"end":{"line":124,"column":3}},"line":121}},"branchMap":{"0":{"loc":{"start":{"line":13,"column":4},"end":{"line":15,"column":5}},"type":"if","locations":[{"start":{"line":13,"column":4},"end":{"line":15,"column":5}},{"start":{},"end":{}}],"line":13},"1":{"loc":{"start":{"line":23,"column":4},"end":{"line":25,"column":5}},"type":"if","locations":[{"start":{"line":23,"column":4},"end":{"line":25,"column":5}},{"start":{},"end":{}}],"line":23},"2":{"loc":{"start":{"line":23,"column":8},"end":{"line":23,"column":60}},"type":"binary-expr","locations":[{"start":{"line":23,"column":8},"end":{"line":23,"column":15}},{"start":{"line":23,"column":19},"end":{"line":23,"column":32}},{"start":{"line":23,"column":36},"end":{"line":23,"column":48}},{"start":{"line":23,"column":52},"end":{"line":23,"column":60}}],"line":23},"3":{"loc":{"start":{"line":29,"column":4},"end":{"line":31,"column":5}},"type":"if","locations":[{"start":{"line":29,"column":4},"end":{"line":31,"column":5}},{"start":{},"end":{}}],"line":29},"4":{"loc":{"start":{"line":29,"column":8},"end":{"line":29,"column":69}},"type":"binary-expr","locations":[{"start":{"line":29,"column":8},"end":{"line":29,"column":37}},{"start":{"line":29,"column":41},"end":{"line":29,"column":69}}],"line":29},"5":{"loc":{"start":{"line":36,"column":8},"end":{"line":38,"column":9}},"type":"if","locations":[{"start":{"line":36,"column":8},"end":{"line":38,"column":9}},{"start":{},"end":{}}],"line":36},"6":{"loc":{"start":{"line":36,"column":12},"end":{"line":36,"column":62}},"type":"binary-expr","locations":[{"start":{"line":36,"column":12},"end":{"line":36,"column":38}},{"start":{"line":36,"column":42},"end":{"line":36,"column":62}}],"line":36},"7":{"loc":{"start":{"line":46,"column":8},"end":{"line":48,"column":9}},"type":"if","locations":[{"start":{"line":46,"column":8},"end":{"line":48,"column":9}},{"start":{},"end":{}}],"line":46},"8":{"loc":{"start":{"line":46,"column":12},"end":{"line":46,"column":62}},"type":"binary-expr","locations":[{"start":{"line":46,"column":12},"end":{"line":46,"column":38}},{"start":{"line":46,"column":42},"end":{"line":46,"column":62}}],"line":46},"9":{"loc":{"start":{"line":56,"column":4},"end":{"line":58,"column":5}},"type":"if","locations":[{"start":{"line":56,"column":4},"end":{"line":58,"column":5}},{"start":{},"end":{}}],"line":56},"10":{"loc":{"start":{"line":85,"column":4},"end":{"line":100,"column":7}},"type":"if","locations":[{"start":{"line":85,"column":4},"end":{"line":100,"column":7}},{"start":{},"end":{}}],"line":85},"11":{"loc":{"start":{"line":88,"column":7},"end":{"line":89,"column":59}},"type":"if","locations":[{"start":{"line":88,"column":7},"end":{"line":89,"column":59}},{"start":{},"end":{}}],"line":88},"12":{"loc":{"start":{"line":94,"column":12},"end":{"line":96,"column":13}},"type":"if","locations":[{"start":{"line":94,"column":12},"end":{"line":96,"column":13}},{"start":{},"end":{}}],"line":94},"13":{"loc":{"start":{"line":94,"column":16},"end":{"line":94,"column":66}},"type":"binary-expr","locations":[{"start":{"line":94,"column":16},"end":{"line":94,"column":42}},{"start":{"line":94,"column":46},"end":{"line":94,"column":66}}],"line":94},"14":{"loc":{"start":{"line":102,"column":6},"end":{"line":117,"column":5}},"type":"if","locations":[{"start":{"line":102,"column":6},"end":{"line":117,"column":5}},{"start":{},"end":{}}],"line":102},"15":{"loc":{"start":{"line":104,"column":8},"end":{"line":104,"column":92}},"type":"if","locations":[{"start":{"line":104,"column":8},"end":{"line":104,"column":92}},{"start":{},"end":{}}],"line":104},"16":{"loc":{"start":{"line":109,"column":12},"end":{"line":111,"column":13}},"type":"if","locations":[{"start":{"line":109,"column":12},"end":{"line":111,"column":13}},{"start":{},"end":{}}],"line":109},"17":{"loc":{"start":{"line":113,"column":12},"end":{"line":113,"column":93}},"type":"if","locations":[{"start":{"line":113,"column":12},"end":{"line":113,"column":93}},{"start":{},"end":{}}],"line":113}},"s":{"0":0,"1":0,"2":0,"3":0,"4":0,"5":0,"6":0,"7":0,"8":0,"9":0,"10":0,"11":0,"12":0,"13":0,"14":0,"15":0,"16":0,"17":0,"18":0,"19":0,"20":0,"21":0,"22":0,"23":0,"24":0,"25":0,"26":0,"27":0,"28":0,"29":0,"30":0,"31":0,"32":0,"33":0,"34":0,"35":0,"36":0,"37":0,"38":0,"39":0,"40":0,"41":0,"42":0,"43":0,"44":0,"45":0,"46":0,"47":0,"48":0,"49":0,"50":0,"51":0,"52":0,"53":0,"54":0,"55":0,"56":0,"57":0,"58":2},"f":{"0":0,"1":0,"2":0,"3":0,"4":0,"5":0,"6":0,"7":0,"8":0},"b":{"0":[0,0],"1":[0,0],"2":[0,0,0,0],"3":[0,0],"4":[0,0],"5":[0,0],"6":[0,0],"7":[0,0],"8":[0,0],"9":[0,0],"10":[0,0],"11":[0,0],"12":[0,0],"13":[0,0],"14":[0,0],"15":[0,0],"16":[0,0],"17":[0,0]},"_coverageSchema":"1a1c01bbd47fc00a2c39e90264f33305004495a9","hash":"5bc645a92603a16a798028d06cb771c28182ad8e"}
,"C:\\Users\\pedro\\OneDrive\\Área de Trabalho\\ProjectClone\\sistema-universidade-web2\\src\\modules\\user\\userController.js": {"path":"C:\\Users\\pedro\\OneDrive\\Área de Trabalho\\ProjectClone\\sistema-universidade-web2\\src\\modules\\user\\userController.js","statementMap":{"0":{"start":{"line":6,"column":30},"end":{"line":43,"column":1}},"1":{"start":{"line":8,"column":4},"end":{"line":11,"column":32}},"2":{"start":{"line":9,"column":20},"end":{"line":9,"column":47}},"3":{"start":{"line":10,"column":6},"end":{"line":10,"column":80}},"4":{"start":{"line":10,"column":53},"end":{"line":10,"column":75}},"5":{"start":{"line":11,"column":20},"end":{"line":11,"column":30}},"6":{"start":{"line":15,"column":4},"end":{"line":18,"column":32}},"7":{"start":{"line":16,"column":19},"end":{"line":16,"column":67}},"8":{"start":{"line":17,"column":6},"end":{"line":17,"column":67}},"9":{"start":{"line":18,"column":20},"end":{"line":18,"column":30}},"10":{"start":{"line":22,"column":4},"end":{"line":26,"column":32}},"11":{"start":{"line":23,"column":18},"end":{"line":23,"column":45}},"12":{"start":{"line":24,"column":19},"end":{"line":24,"column":48}},"13":{"start":{"line":25,"column":6},"end":{"line":25,"column":79}},"14":{"start":{"line":26,"column":20},"end":{"line":26,"column":30}},"15":{"start":{"line":30,"column":4},"end":{"line":34,"column":32}},"16":{"start":{"line":31,"column":18},"end":{"line":31,"column":45}},"17":{"start":{"line":32,"column":19},"end":{"line":32,"column":71}},"18":{"start":{"line":33,"column":6},"end":{"line":33,"column":67}},"19":{"start":{"line":34,"column":20},"end":{"line":34,"column":30}},"20":{"start":{"line":38,"column":4},"end":{"line":41,"column":32}},"21":{"start":{"line":39,"column":6},"end":{"line":39,"column":54}},"22":{"start":{"line":40,"column":6},"end":{"line":40,"column":29}},"23":{"start":{"line":41,"column":20},"end":{"line":41,"column":30}}},"fnMap":{"0":{"name":"(anonymous_0)","decl":{"start":{"line":7,"column":2},"end":{"line":7,"column":3}},"loc":{"start":{"line":7,"column":32},"end":{"line":12,"column":3}},"line":7},"1":{"name":"(anonymous_1)","decl":{"start":{"line":10,"column":48},"end":{"line":10,"column":49}},"loc":{"start":{"line":10,"column":53},"end":{"line":10,"column":75}},"line":10},"2":{"name":"(anonymous_2)","decl":{"start":{"line":14,"column":2},"end":{"line":14,"column":3}},"loc":{"start":{"line":14,"column":32},"end":{"line":19,"column":3}},"line":14},"3":{"name":"(anonymous_3)","decl":{"start":{"line":21,"column":2},"end":{"line":21,"column":3}},"loc":{"start":{"line":21,"column":31},"end":{"line":27,"column":3}},"line":21},"4":{"name":"(anonymous_4)","decl":{"start":{"line":29,"column":2},"end":{"line":29,"column":3}},"loc":{"start":{"line":29,"column":31},"end":{"line":35,"column":3}},"line":29},"5":{"name":"(anonymous_5)","decl":{"start":{"line":37,"column":2},"end":{"line":37,"column":3}},"loc":{"start":{"line":37,"column":31},"end":{"line":42,"column":3}},"line":37}},"branchMap":{},"s":{"0":3,"1":2,"2":2,"3":2,"4":3,"5":0,"6":4,"7":4,"8":2,"9":2,"10":4,"11":4,"12":4,"13":2,"14":2,"15":2,"16":2,"17":2,"18":2,"19":0,"20":3,"21":3,"22":1,"23":2},"f":{"0":2,"1":3,"2":4,"3":4,"4":2,"5":3},"b":{},"_coverageSchema":"1a1c01bbd47fc00a2c39e90264f33305004495a9","hash":"e5a75761f7d4e2de3e714bc3931e7ba209f692f9"}
,"C:\\Users\\pedro\\OneDrive\\Área de Trabalho\\ProjectClone\\sistema-universidade-web2\\src\\modules\\user\\userRepository.js": {"path":"C:\\Users\\pedro\\OneDrive\\Área de Trabalho\\ProjectClone\\sistema-universidade-web2\\src\\modules\\user\\userRepository.js","statementMap":{"0":{"start":{"line":3,"column":30},"end":{"line":58,"column":1}},"1":{"start":{"line":5,"column":4},"end":{"line":9,"column":7}},"2":{"start":{"line":13,"column":4},"end":{"line":18,"column":7}},"3":{"start":{"line":22,"column":4},"end":{"line":27,"column":7}},"4":{"start":{"line":32,"column":4},"end":{"line":32,"column":38}},"5":{"start":{"line":36,"column":4},"end":{"line":44,"column":7}},"6":{"start":{"line":48,"column":4},"end":{"line":52,"column":7}},"7":{"start":{"line":56,"column":4},"end":{"line":56,"column":64}}},"fnMap":{"0":{"name":"(anonymous_0)","decl":{"start":{"line":4,"column":2},"end":{"line":4,"column":3}},"loc":{"start":{"line":4,"column":18},"end":{"line":10,"column":3}},"line":4},"1":{"name":"(anonymous_1)","decl":{"start":{"line":12,"column":2},"end":{"line":12,"column":3}},"loc":{"start":{"line":12,"column":21},"end":{"line":19,"column":3}},"line":12},"2":{"name":"(anonymous_2)","decl":{"start":{"line":21,"column":2},"end":{"line":21,"column":3}},"loc":{"start":{"line":21,"column":27},"end":{"line":28,"column":3}},"line":21},"3":{"name":"(anonymous_3)","decl":{"start":{"line":31,"column":2},"end":{"line":31,"column":3}},"loc":{"start":{"line":31,"column":33},"end":{"line":33,"column":3}},"line":31},"4":{"name":"(anonymous_4)","decl":{"start":{"line":35,"column":2},"end":{"line":35,"column":3}},"loc":{"start":{"line":35,"column":60},"end":{"line":45,"column":3}},"line":35},"5":{"name":"(anonymous_5)","decl":{"start":{"line":47,"column":2},"end":{"line":47,"column":3}},"loc":{"start":{"line":47,"column":25},"end":{"line":53,"column":3}},"line":47},"6":{"name":"(anonymous_6)","decl":{"start":{"line":55,"column":2},"end":{"line":55,"column":3}},"loc":{"start":{"line":55,"column":19},"end":{"line":57,"column":3}},"line":55}},"branchMap":{},"s":{"0":4,"1":1,"2":5,"3":4,"4":2,"5":1,"6":1,"7":0},"f":{"0":1,"1":5,"2":4,"3":2,"4":1,"5":1,"6":0},"b":{},"_coverageSchema":"1a1c01bbd47fc00a2c39e90264f33305004495a9","hash":"6a1ed700529ba9c8933ea7e56b4995cd078234d3"}
,"C:\\Users\\pedro\\OneDrive\\Área de Trabalho\\ProjectClone\\sistema-universidade-web2\\src\\modules\\user\\userRoutes.js": {"path":"C:\\Users\\pedro\\OneDrive\\Área de Trabalho\\ProjectClone\\sistema-universidade-web2\\src\\modules\\user\\userRoutes.js","statementMap":{"0":{"start":{"line":6,"column":15},"end":{"line":6,"column":23}},"1":{"start":{"line":9,"column":0},"end":{"line":9,"column":91}},"2":{"start":{"line":10,"column":0},"end":{"line":10,"column":94}},"3":{"start":{"line":13,"column":0},"end":{"line":13,"column":76}},"4":{"start":{"line":14,"column":0},"end":{"line":14,"column":78}},"5":{"start":{"line":15,"column":0},"end":{"line":15,"column":81}}},"fnMap":{},"branchMap":{},"s":{"0":2,"1":2,"2":2,"3":2,"4":2,"5":2},"f":{},"b":{},"_coverageSchema":"1a1c01bbd47fc00a2c39e90264f33305004495a9","hash":"88253fa79aeca35bbcdea5065f4a7fa344a0b83f"}
,"C:\\Users\\pedro\\OneDrive\\Área de Trabalho\\ProjectClone\\sistema-universidade-web2\\src\\modules\\user\\userService.js": {"path":"C:\\Users\\pedro\\OneDrive\\Área de Trabalho\\ProjectClone\\sistema-universidade-web2\\src\\modules\\user\\userService.js","statementMap":{"0":{"start":{"line":6,"column":20},"end":{"line":6,"column":22}},"1":{"start":{"line":7,"column":21},"end":{"line":7,"column":28}},"2":{"start":{"line":9,"column":27},"end":{"line":86,"column":1}},"3":{"start":{"line":11,"column":4},"end":{"line":11,"column":36}},"4":{"start":{"line":15,"column":17},"end":{"line":15,"column":58}},"5":{"start":{"line":16,"column":4},"end":{"line":16,"column":66}},"6":{"start":{"line":16,"column":15},"end":{"line":16,"column":66}},"7":{"start":{"line":17,"column":4},"end":{"line":17,"column":16}},"8":{"start":{"line":21,"column":17},"end":{"line":21,"column":58}},"9":{"start":{"line":22,"column":4},"end":{"line":22,"column":66}},"10":{"start":{"line":22,"column":15},"end":{"line":22,"column":66}},"11":{"start":{"line":24,"column":4},"end":{"line":27,"column":6}},"12":{"start":{"line":26,"column":38},"end":{"line":26,"column":53}},"13":{"start":{"line":31,"column":4},"end":{"line":31,"column":19}},"14":{"start":{"line":32,"column":21},"end":{"line":32,"column":64}},"15":{"start":{"line":33,"column":4},"end":{"line":33,"column":66}},"16":{"start":{"line":33,"column":18},"end":{"line":33,"column":66}},"17":{"start":{"line":35,"column":22},"end":{"line":35,"column":67}},"18":{"start":{"line":36,"column":18},"end":{"line":36,"column":57}},"19":{"start":{"line":38,"column":22},"end":{"line":38,"column":63}},"20":{"start":{"line":40,"column":4},"end":{"line":45,"column":7}},"21":{"start":{"line":49,"column":4},"end":{"line":49,"column":19}},"22":{"start":{"line":50,"column":17},"end":{"line":50,"column":39}},"23":{"start":{"line":52,"column":4},"end":{"line":57,"column":5}},"24":{"start":{"line":53,"column":23},"end":{"line":53,"column":66}},"25":{"start":{"line":54,"column":6},"end":{"line":56,"column":7}},"26":{"start":{"line":55,"column":8},"end":{"line":55,"column":74}},"27":{"start":{"line":60,"column":17},"end":{"line":60,"column":19}},"28":{"start":{"line":61,"column":4},"end":{"line":61,"column":39}},"29":{"start":{"line":61,"column":18},"end":{"line":61,"column":39}},"30":{"start":{"line":62,"column":4},"end":{"line":62,"column":56}},"31":{"start":{"line":62,"column":19},"end":{"line":62,"column":56}},"32":{"start":{"line":65,"column":4},"end":{"line":67,"column":5}},"33":{"start":{"line":66,"column":6},"end":{"line":66,"column":61}},"34":{"start":{"line":70,"column":4},"end":{"line":70,"column":52}},"35":{"start":{"line":70,"column":40},"end":{"line":70,"column":52}},"36":{"start":{"line":72,"column":4},"end":{"line":72,"column":43}},"37":{"start":{"line":76,"column":4},"end":{"line":76,"column":27}},"38":{"start":{"line":79,"column":4},"end":{"line":80,"column":90}},"39":{"start":{"line":80,"column":6},"end":{"line":80,"column":90}},"40":{"start":{"line":81,"column":4},"end":{"line":82,"column":94}},"41":{"start":{"line":82,"column":6},"end":{"line":82,"column":94}},"42":{"start":{"line":84,"column":4},"end":{"line":84,"column":36}}},"fnMap":{"0":{"name":"(anonymous_0)","decl":{"start":{"line":10,"column":2},"end":{"line":10,"column":3}},"loc":{"start":{"line":10,"column":18},"end":{"line":12,"column":3}},"line":10},"1":{"name":"(anonymous_1)","decl":{"start":{"line":14,"column":2},"end":{"line":14,"column":3}},"loc":{"start":{"line":14,"column":20},"end":{"line":18,"column":3}},"line":14},"2":{"name":"(anonymous_2)","decl":{"start":{"line":20,"column":2},"end":{"line":20,"column":3}},"loc":{"start":{"line":20,"column":29},"end":{"line":28,"column":3}},"line":20},"3":{"name":"(anonymous_3)","decl":{"start":{"line":26,"column":31},"end":{"line":26,"column":32}},"loc":{"start":{"line":26,"column":38},"end":{"line":26,"column":53}},"line":26},"4":{"name":"(anonymous_4)","decl":{"start":{"line":30,"column":2},"end":{"line":30,"column":3}},"loc":{"start":{"line":30,"column":20},"end":{"line":46,"column":3}},"line":30},"5":{"name":"(anonymous_5)","decl":{"start":{"line":48,"column":2},"end":{"line":48,"column":3}},"loc":{"start":{"line":48,"column":24},"end":{"line":73,"column":3}},"line":48},"6":{"name":"(anonymous_6)","decl":{"start":{"line":75,"column":2},"end":{"line":75,"column":3}},"loc":{"start":{"line":75,"column":19},"end":{"line":85,"column":3}},"line":75}},"branchMap":{"0":{"loc":{"start":{"line":16,"column":4},"end":{"line":16,"column":66}},"type":"if","locations":[{"start":{"line":16,"column":4},"end":{"line":16,"column":66}},{"start":{},"end":{}}],"line":16},"1":{"loc":{"start":{"line":22,"column":4},"end":{"line":22,"column":66}},"type":"if","locations":[{"start":{"line":22,"column":4},"end":{"line":22,"column":66}},{"start":{},"end":{}}],"line":22},"2":{"loc":{"start":{"line":26,"column":14},"end":{"line":26,"column":61}},"type":"binary-expr","locations":[{"start":{"line":26,"column":14},"end":{"line":26,"column":55}},{"start":{"line":26,"column":59},"end":{"line":26,"column":61}}],"line":26},"3":{"loc":{"start":{"line":33,"column":4},"end":{"line":33,"column":66}},"type":"if","locations":[{"start":{"line":33,"column":4},"end":{"line":33,"column":66}},{"start":{},"end":{}}],"line":33},"4":{"loc":{"start":{"line":35,"column":23},"end":{"line":35,"column":52}},"type":"binary-expr","locations":[{"start":{"line":35,"column":23},"end":{"line":35,"column":36}},{"start":{"line":35,"column":40},"end":{"line":35,"column":52}}],"line":35},"5":{"loc":{"start":{"line":52,"column":4},"end":{"line":57,"column":5}},"type":"if","locations":[{"start":{"line":52,"column":4},"end":{"line":57,"column":5}},{"start":{},"end":{}}],"line":52},"6":{"loc":{"start":{"line":52,"column":8},"end":{"line":52,"column":45}},"type":"binary-expr","locations":[{"start":{"line":52,"column":8},"end":{"line":52,"column":17}},{"start":{"line":52,"column":21},"end":{"line":52,"column":45}}],"line":52},"7":{"loc":{"start":{"line":54,"column":6},"end":{"line":56,"column":7}},"type":"if","locations":[{"start":{"line":54,"column":6},"end":{"line":56,"column":7}},{"start":{},"end":{}}],"line":54},"8":{"loc":{"start":{"line":54,"column":10},"end":{"line":54,"column":48}},"type":"binary-expr","locations":[{"start":{"line":54,"column":10},"end":{"line":54,"column":18}},{"start":{"line":54,"column":22},"end":{"line":54,"column":48}}],"line":54},"9":{"loc":{"start":{"line":61,"column":4},"end":{"line":61,"column":39}},"type":"if","locations":[{"start":{"line":61,"column":4},"end":{"line":61,"column":39}},{"start":{},"end":{}}],"line":61},"10":{"loc":{"start":{"line":62,"column":4},"end":{"line":62,"column":56}},"type":"if","locations":[{"start":{"line":62,"column":4},"end":{"line":62,"column":56}},{"start":{},"end":{}}],"line":62},"11":{"loc":{"start":{"line":65,"column":4},"end":{"line":67,"column":5}},"type":"if","locations":[{"start":{"line":65,"column":4},"end":{"line":67,"column":5}},{"start":{},"end":{}}],"line":65},"12":{"loc":{"start":{"line":65,"column":8},"end":{"line":65,"column":44}},"type":"binary-expr","locations":[{"start":{"line":65,"column":8},"end":{"line":65,"column":17}},{"start":{"line":65,"column":21},"end":{"line":65,"column":44}}],"line":65},"13":{"loc":{"start":{"line":70,"column":4},"end":{"line":70,"column":52}},"type":"if","locations":[{"start":{"line":70,"column":4},"end":{"line":70,"column":52}},{"start":{},"end":{}}],"line":70},"14":{"loc":{"start":{"line":79,"column":4},"end":{"line":80,"column":90}},"type":"if","locations":[{"start":{"line":79,"column":4},"end":{"line":80,"column":90}},{"start":{},"end":{}}],"line":79},"15":{"loc":{"start":{"line":81,"column":4},"end":{"line":82,"column":94}},"type":"if","locations":[{"start":{"line":81,"column":4},"end":{"line":82,"column":94}},{"start":{},"end":{}}],"line":81}},"s":{"0":4,"1":4,"2":4,"3":1,"4":9,"5":9,"6":3,"7":6,"8":2,"9":2,"10":1,"11":1,"12":1,"13":5,"14":4,"15":4,"16":2,"17":2,"18":2,"19":2,"20":2,"21":4,"22":4,"23":4,"24":1,"25":1,"26":1,"27":3,"28":3,"29":2,"30":3,"31":1,"32":3,"33":0,"34":3,"35":1,"36":2,"37":2,"38":1,"39":0,"40":0,"41":0,"42":0},"f":{"0":1,"1":9,"2":2,"3":1,"4":5,"5":4,"6":2},"b":{"0":[3,6],"1":[1,1],"2":[1,0],"3":[2,2],"4":[2,1],"5":[1,3],"6":[4,2],"7":[1,0],"8":[1,1],"9":[2,1],"10":[1,2],"11":[0,3],"12":[3,0],"13":[1,2],"14":[0,0],"15":[0,0]},"_coverageSchema":"1a1c01bbd47fc00a2c39e90264f33305004495a9","hash":"2b46b4014a8a85b10fa10bdf1767c6e4597e9d07"}
,"C:\\Users\\pedro\\OneDrive\\Área de Trabalho\\ProjectClone\\sistema-universidade-web2\\src\\modules\\user\\dto\\CreateUserDTO.js": {"path":"C:\\Users\\pedro\\OneDrive\\Área de Trabalho\\ProjectClone\\sistema-universidade-web2\\src\\modules\\user\\dto\\CreateUserDTO.js","statementMap":{"0":{"start":{"line":5,"column":4},"end":{"line":5,"column":21}},"1":{"start":{"line":6,"column":4},"end":{"line":6,"column":38}},"2":{"start":{"line":7,"column":4},"end":{"line":7,"column":23}},"3":{"start":{"line":8,"column":4},"end":{"line":8,"column":31}},"4":{"start":{"line":12,"column":4},"end":{"line":14,"column":5}},"5":{"start":{"line":13,"column":6},"end":{"line":13,"column":71}},"6":{"start":{"line":16,"column":4},"end":{"line":18,"column":5}},"7":{"start":{"line":17,"column":6},"end":{"line":17,"column":72}},"8":{"start":{"line":20,"column":4},"end":{"line":25,"column":5}},"9":{"start":{"line":24,"column":6},"end":{"line":24,"column":53}}},"fnMap":{"0":{"name":"(anonymous_0)","decl":{"start":{"line":4,"column":2},"end":{"line":4,"column":3}},"loc":{"start":{"line":4,"column":49},"end":{"line":9,"column":3}},"line":4},"1":{"name":"(anonymous_1)","decl":{"start":{"line":11,"column":2},"end":{"line":11,"column":3}},"loc":{"start":{"line":11,"column":13},"end":{"line":26,"column":3}},"line":11}},"branchMap":{"0":{"loc":{"start":{"line":12,"column":4},"end":{"line":14,"column":5}},"type":"if","locations":[{"start":{"line":12,"column":4},"end":{"line":14,"column":5}},{"start":{},"end":{}}],"line":12},"1":{"loc":{"start":{"line":12,"column":8},"end":{"line":12,"column":48}},"type":"binary-expr","locations":[{"start":{"line":12,"column":8},"end":{"line":12,"column":18}},{"start":{"line":12,"column":22},"end":{"line":12,"column":33}},{"start":{"line":12,"column":37},"end":{"line":12,"column":48}}],"line":12},"2":{"loc":{"start":{"line":16,"column":4},"end":{"line":18,"column":5}},"type":"if","locations":[{"start":{"line":16,"column":4},"end":{"line":18,"column":5}},{"start":{},"end":{}}],"line":16},"3":{"loc":{"start":{"line":20,"column":4},"end":{"line":25,"column":5}},"type":"if","locations":[{"start":{"line":20,"column":4},"end":{"line":25,"column":5}},{"start":{},"end":{}}],"line":20},"4":{"loc":{"start":{"line":21,"column":6},"end":{"line":22,"column":74}},"type":"binary-expr","locations":[{"start":{"line":21,"column":6},"end":{"line":21,"column":34}},{"start":{"line":22,"column":7},"end":{"line":22,"column":41}},{"start":{"line":22,"column":45},"end":{"line":22,"column":73}}],"line":21}},"s":{"0":9,"1":9,"2":9,"3":9,"4":8,"5":2,"6":6,"7":1,"8":5,"9":1},"f":{"0":9,"1":8},"b":{"0":[2,6],"1":[8,8,6],"2":[1,5],"3":[1,4],"4":[5,4,4]},"_coverageSchema":"1a1c01bbd47fc00a2c39e90264f33305004495a9","hash":"5c96aacbab18bcf138c37abdf2daeae70a2aaf09"}
,"C:\\Users\\pedro\\OneDrive\\Área de Trabalho\\ProjectClone\\sistema-universidade-web2\\src\\modules\\user\\dto\\UpdateUserDTO.js": {"path":"C:\\Users\\pedro\\OneDrive\\Área de Trabalho\\ProjectClone\\sistema-universidade-web2\\src\\modules\\user\\dto\\UpdateUserDTO.js","statementMap":{"0":{"start":{"line":5,"column":4},"end":{"line":5,"column":21}},"1":{"start":{"line":6,"column":4},"end":{"line":6,"column":23}},"2":{"start":{"line":7,"column":4},"end":{"line":7,"column":23}},"3":{"start":{"line":12,"column":4},"end":{"line":14,"column":5}},"4":{"start":{"line":13,"column":6},"end":{"line":13,"column":61}},"5":{"start":{"line":15,"column":4},"end":{"line":17,"column":5}},"6":{"start":{"line":16,"column":6},"end":{"line":16,"column":79}}},"fnMap":{"0":{"name":"(anonymous_0)","decl":{"start":{"line":4,"column":2},"end":{"line":4,"column":3}},"loc":{"start":{"line":4,"column":38},"end":{"line":8,"column":3}},"line":4},"1":{"name":"(anonymous_1)","decl":{"start":{"line":10,"column":2},"end":{"line":10,"column":3}},"loc":{"start":{"line":10,"column":13},"end":{"line":18,"column":3}},"line":10}},"branchMap":{"0":{"loc":{"start":{"line":12,"column":4},"end":{"line":14,"column":5}},"type":"if","locations":[{"start":{"line":12,"column":4},"end":{"line":14,"column":5}},{"start":{},"end":{}}],"line":12},"1":{"loc":{"start":{"line":12,"column":8},"end":{"line":12,"column":74}},"type":"binary-expr","locations":[{"start":{"line":12,"column":8},"end":{"line":12,"column":18}},{"start":{"line":12,"column":23},"end":{"line":12,"column":48}},{"start":{"line":12,"column":52},"end":{"line":12,"column":73}}],"line":12},"2":{"loc":{"start":{"line":15,"column":4},"end":{"line":17,"column":5}},"type":"if","locations":[{"start":{"line":15,"column":4},"end":{"line":17,"column":5}},{"start":{},"end":{}}],"line":15},"3":{"loc":{"start":{"line":15,"column":8},"end":{"line":15,"column":68}},"type":"binary-expr","locations":[{"start":{"line":15,"column":8},"end":{"line":15,"column":18}},{"start":{"line":15,"column":22},"end":{"line":15,"column":43}},{"start":{"line":15,"column":47},"end":{"line":15,"column":68}}],"line":15}},"s":{"0":6,"1":6,"2":6,"3":5,"4":1,"5":4,"6":1},"f":{"0":6,"1":5},"b":{"0":[1,4],"1":[5,2,1],"2":[1,3],"3":[4,1,1]},"_coverageSchema":"1a1c01bbd47fc00a2c39e90264f33305004495a9","hash":"1d8b446779e9bad0746138e7b7736d675433c1f8"}
,"C:\\Users\\pedro\\OneDrive\\Área de Trabalho\\ProjectClone\\sistema-universidade-web2\\src\\modules\\user\\dto\\UserResponseDTO.js": {"path":"C:\\Users\\pedro\\OneDrive\\Área de Trabalho\\ProjectClone\\sistema-universidade-web2\\src\\modules\\user\\dto\\UserResponseDTO.js","statementMap":{"0":{"start":{"line":3,"column":4},"end":{"line":3,"column":22}},"1":{"start":{"line":4,"column":4},"end":{"line":4,"column":26}},"2":{"start":{"line":5,"column":4},"end":{"line":5,"column":28}},"3":{"start":{"line":6,"column":4},"end":{"line":6,"column":36}},"4":{"start":{"line":7,"column":4},"end":{"line":7,"column":36}},"5":{"start":{"line":8,"column":4},"end":{"line":8,"column":60}},"6":{"start":{"line":8,"column":40},"end":{"line":8,"column":52}}},"fnMap":{"0":{"name":"(anonymous_0)","decl":{"start":{"line":2,"column":2},"end":{"line":2,"column":3}},"loc":{"start":{"line":2,"column":20},"end":{"line":9,"column":3}},"line":2},"1":{"name":"(anonymous_1)","decl":{"start":{"line":8,"column":35},"end":{"line":8,"column":36}},"loc":{"start":{"line":8,"column":40},"end":{"line":8,"column":52}},"line":8}},"branchMap":{"0":{"loc":{"start":{"line":8,"column":18},"end":{"line":8,"column":59}},"type":"binary-expr","locations":[{"start":{"line":8,"column":18},"end":{"line":8,"column":53}},{"start":{"line":8,"column":57},"end":{"line":8,"column":59}}],"line":8}},"s":{"0":9,"1":9,"2":9,"3":9,"4":9,"5":9,"6":5},"f":{"0":9,"1":5},"b":{"0":[9,0]},"_coverageSchema":"1a1c01bbd47fc00a2c39e90264f33305004495a9","hash":"86009bf3e56f7ff1a93a624997ce6d228349aa9e"}
,"C:\\Users\\pedro\\OneDrive\\Área de Trabalho\\ProjectClone\\sistema-universidade-web2\\src\\utils\\auth.js": {"path":"C:\\Users\\pedro\\OneDrive\\Área de Trabalho\\ProjectClone\\sistema-universidade-web2\\src\\utils\\auth.js","statementMap":{"0":{"start":{"line":5,"column":0},"end":{"line":5,"column":16}},"1":{"start":{"line":7,"column":19},"end":{"line":7,"column":58}},"2":{"start":{"line":8,"column":23},"end":{"line":8,"column":57}},"3":{"start":{"line":9,"column":20},"end":{"line":9,"column":57}},"4":{"start":{"line":11,"column":28},"end":{"line":13,"column":1}},"5":{"start":{"line":12,"column":2},"end":{"line":12,"column":50}},"6":{"start":{"line":15,"column":31},"end":{"line":17,"column":1}},"7":{"start":{"line":16,"column":2},"end":{"line":16,"column":56}},"8":{"start":{"line":19,"column":29},"end":{"line":27,"column":1}},"9":{"start":{"line":20,"column":18},"end":{"line":25,"column":3}},"10":{"start":{"line":24,"column":34},"end":{"line":24,"column":62}},"11":{"start":{"line":26,"column":2},"end":{"line":26,"column":70}}},"fnMap":{"0":{"name":"(anonymous_0)","decl":{"start":{"line":11,"column":28},"end":{"line":11,"column":29}},"loc":{"start":{"line":11,"column":48},"end":{"line":13,"column":1}},"line":11},"1":{"name":"(anonymous_1)","decl":{"start":{"line":15,"column":31},"end":{"line":15,"column":32}},"loc":{"start":{"line":15,"column":67},"end":{"line":17,"column":1}},"line":15},"2":{"name":"(anonymous_2)","decl":{"start":{"line":19,"column":29},"end":{"line":19,"column":30}},"loc":{"start":{"line":19,"column":39},"end":{"line":27,"column":1}},"line":19},"3":{"name":"(anonymous_3)","decl":{"start":{"line":24,"column":29},"end":{"line":24,"column":30}},"loc":{"start":{"line":24,"column":34},"end":{"line":24,"column":62}},"line":24}},"branchMap":{"0":{"loc":{"start":{"line":7,"column":19},"end":{"line":7,"column":58}},"type":"binary-expr","locations":[{"start":{"line":7,"column":19},"end":{"line":7,"column":41}},{"start":{"line":7,"column":45},"end":{"line":7,"column":58}}],"line":7},"1":{"loc":{"start":{"line":8,"column":23},"end":{"line":8,"column":57}},"type":"binary-expr","locations":[{"start":{"line":8,"column":23},"end":{"line":8,"column":49}},{"start":{"line":8,"column":53},"end":{"line":8,"column":57}}],"line":8},"2":{"loc":{"start":{"line":9,"column":20},"end":{"line":9,"column":57}},"type":"binary-expr","locations":[{"start":{"line":9,"column":20},"end":{"line":9,"column":51}},{"start":{"line":9,"column":55},"end":{"line":9,"column":57}}],"line":9},"3":{"loc":{"start":{"line":24,"column":12},"end":{"line":24,"column":69}},"type":"binary-expr","locations":[{"start":{"line":24,"column":12},"end":{"line":24,"column":63}},{"start":{"line":24,"column":67},"end":{"line":24,"column":69}}],"line":24},"4":{"loc":{"start":{"line":24,"column":34},"end":{"line":24,"column":62}},"type":"binary-expr","locations":[{"start":{"line":24,"column":34},"end":{"line":24,"column":47}},{"start":{"line":24,"column":51},"end":{"line":24,"column":62}}],"line":24}},"s":{"0":2,"1":2,"2":2,"3":2,"4":2,"5":0,"6":2,"7":2,"8":2,"9":3,"10":3,"11":3},"f":{"0":0,"1":2,"2":3,"3":3},"b":{"0":[2,2],"1":[2,2],"2":[2,2],"3":[3,0],"4":[3,0]},"_coverageSchema":"1a1c01bbd47fc00a2c39e90264f33305004495a9","hash":"b9e72e4729c5f8f126331931447381d0efe6abcc"}
}
